[2026-04-23 11:42:10] User unknown disconnected
[2026-04-23 11:50:26] User test11 registered
[2026-04-23 11:50:56] User test11 disconnected
[2026-04-23 11:58:09] User unknown disconnected
[2026-04-23 12:07:10] User unknown disconnected
[2026-04-23 14:03:35] User unknown disconnected
[2026-04-23 14:03:44] User unknown disconnected
[2026-04-23 14:10:09] User test1 logged in
[2026-04-23 14:10:14] User test1 disconnected
[2026-04-23 14:10:40] User test124 registered
[2026-04-23 14:11:09] User test124 disconnected
[2026-04-23 14:14:01] User test47 registered
[2026-04-23 14:14:31] User test47 disconnected
[2026-04-23 14:14:41] User test47 logged in
[2026-04-23 14:15:10] User test47 disconnected
[2026-04-23 14:23:20] User unknown disconnected
[2026-04-23 14:42:29] User unknown disconnected
[2026-04-23 14:42:36] User test1 logged in
[2026-04-23 14:42:39] User test1 disconnected
[2026-04-23 14:43:27] User unknown disconnected
[2026-04-23 14:53:22] User test1 logged in
[2026-04-23 14:53:51] User test1 disconnected
[2026-04-23 14:57:06] User test1 logged in
[2026-04-23 14:57:36] User test1 disconnected
[2026-04-23 15:00:15] User test1 logged in
[2026-04-23 15:00:22] User test1 disconnected
[2026-04-23 15:04:13] User unknown disconnected
[2026-04-23 15:14:41] User unknown disconnected
[2026-04-23 15:14:51] User unknown disconnected
[2026-04-23 15:26:34] User test1 logged in
[2026-04-23 15:26:42] User test1 disconnected
[2026-04-23 15:27:41] User unknown disconnected
[2026-04-23 15:32:19] User test1 logged in
[2026-04-23 15:37:09] User test1 disconnected
[2026-04-23 15:37:51] User unknown disconnected
[2026-04-23 15:37:55] User test1 logged in
[2026-04-23 15:37:59] User test1 disconnected
[2026-04-23 15:38:02] User test1 logged in
[2026-04-23 15:38:06] User test1 disconnected
[2026-04-23 15:39:04] User unknown disconnected
[2026-04-23 15:52:06] User test1 logged in
[2026-04-23 15:52:36] User test1 disconnected
[2026-04-23 15:58:29] User test1 logged in
[2026-04-23 15:58:58] User test1 disconnected
[2026-04-23 16:14:11] User unknown disconnected
[2026-04-23 16:31:29] User test1 logged in
[2026-04-23 16:32:27] User test345 registered
[2026-04-23 16:32:56] User test345 disconnected
[2026-04-23 16:33:21] User test1 disconnected
[2026-04-23 16:59:22] User test1 logged in
[2026-04-23 17:00:07] User test1 created directory path: 1
[2026-04-23 17:00:49] User test1 disconnected
[2026-04-23 17:04:15] User test1 logged in
[2026-04-23 17:04:44] User test1 created directory path: er
[2026-04-23 17:05:04] User test1 removed /2
[2026-04-23 17:05:37] User test1 disconnected
[2026-04-23 17:09:06] User test1 logged in
[2026-04-23 17:09:46] User test1 created directory path: hello
[2026-04-23 17:09:53] User test1 removed directory id=71
[2026-04-23 17:10:23] User test1 removed /1
[2026-04-23 17:10:52] User test1 disconnected
[2026-04-23 17:12:43] User test1 logged in
[2026-04-23 17:13:13] User test1 disconnected
[2026-04-23 17:13:25] User test1 logged in
[2026-04-23 17:13:36] User test1 logged in
[2026-04-23 17:13:42] User test1 disconnected
[2026-04-23 17:13:46] User test1 disconnected
[2026-04-23 17:14:57] User test registered
[2026-04-23 17:15:34] User test disconnected
[2026-04-23 17:17:10] User test1 logged in
[2026-04-23 17:17:31] User test1 disconnected
[2026-04-23 17:22:04] User test1 logged in
[2026-04-23 17:22:38] User test1 disconnected
[2026-04-23 17:23:36] User test1 logged in
[2026-04-23 17:24:26] User test1 disconnected
[2026-04-23 17:24:34] User test1 logged in
[2026-04-23 17:25:03] User test1 disconnected
[2026-04-23 17:26:07] User test1 logged in
[2026-04-23 17:26:14] User test1 logged in
[2026-04-23 17:26:22] User test1 created directory path: 1
[2026-04-23 17:26:29] User test1 created directory path: 23
[2026-04-23 17:26:33] User test1 created directory path: 23
[2026-04-23 17:26:58] User test1 disconnected
[2026-04-23 17:27:03] User test1 disconnected
[2026-04-23 17:56:13] User test1 logged in
[2026-04-23 17:56:16] User test1 disconnected
[2026-04-23 17:58:05] User test1 logged in
[2026-04-23 17:58:32] User test1 disconnected
[2026-04-23 20:51:32] User test1 logged in
[2026-04-23 20:52:18] User test1 created directory path: 1
[2026-04-23 20:52:57] User test1 disconnected
[2026-04-23 21:24:00] User test1 logged in
[2026-04-23 21:26:51] User test1 disconnected
[2026-04-23 21:34:00] User test1 logged in
[2026-04-23 21:35:07] User test1 disconnected
[2026-04-23 21:35:52] User test1 logged in
[2026-04-23 21:36:15] User test1 start upload /.
[2026-04-23 21:36:15] User test1 completed upload /. (138623 bytes)
[2026-04-23 21:36:45] User test1 disconnected
[2026-04-23 22:20:10] User unknown disconnected
[2026-04-23 22:34:00] User test1 logged in
[2026-04-23 22:36:09] User test1 disconnected
[2026-04-23 22:52:01] User test1 logged in
[2026-04-23 22:53:06] User test1 disconnected
[2026-04-23 22:55:39] User test1 logged in
[2026-04-23 22:56:24] User test1 created directory path: 23
[2026-04-23 22:57:29] User test1 disconnected
[2026-04-23 23:01:34] User test1 logged in
[2026-04-23 23:02:41] User test1 disconnected
[2026-04-23 23:04:16] User test1 logged in
[2026-04-23 23:04:36] User test1 created directory path: 23
[2026-04-23 23:04:44] User test1 created directory path: 23
[2026-04-23 23:04:52] User test1 created directory path: 23
[2026-04-23 23:05:55] User test1 disconnected
[2026-04-23 23:12:50] User test1 logged in
[2026-04-23 23:13:26] User test1 sec-upload /1/. (hash: 35b71df16378bead495a648b2dbcd6eba01cab3a3f417dd0fed005b6b67575ae)
[2026-04-23 23:13:43] User test1 removed /1
[2026-04-23 23:13:47] User test1 disconnected
[2026-04-23 23:19:38] User test1 logged in
[2026-04-23 23:20:08] User test1 sec-upload /. (hash: 35b71df16378bead495a648b2dbcd6eba01cab3a3f417dd0fed005b6b67575ae)
[2026-04-23 23:21:29] User test1 disconnected
[2026-04-24 00:01:37] User test1 logged in
[2026-04-24 00:01:58] User test1 disconnected
[2026-04-24 00:02:04] User test1 logged in
[2026-04-24 00:02:15] User test1 disconnected
[2026-04-24 00:02:32] User test1 logged in
[2026-04-24 00:03:36] User test1 disconnected
[2026-04-24 00:04:45] User unknown disconnected
[2026-04-24 00:04:48] User test1 logged in
[2026-04-24 00:04:52] User test1 disconnected
[2026-04-24 00:04:54] User test1 logged in
[2026-04-24 00:05:58] User test1 disconnected
[2026-04-24 00:15:15] User test1 logged in
[2026-04-24 00:16:14] User test1 disconnected
[2026-04-24 00:17:27] User test1 logged in
[2026-04-24 00:18:03] User test1 disconnected
[2026-04-24 00:18:09] User test1 logged in
[2026-04-24 00:18:29] User test1 disconnected
[2026-04-24 09:23:48] User test1 logged in
[2026-04-24 09:24:10] User test1 disconnected
[2026-04-24 09:28:37] User test1 logged in
[2026-04-24 09:29:41] User test1 disconnected
[2026-04-24 09:34:01] User test1 logged in
[2026-04-24 09:39:31] User test1 disconnected
[2026-04-24 09:39:42] User test1 logged in
[2026-04-24 09:40:53] User test1 disconnected
[2026-04-24 09:45:31] User test1 logged in
[2026-04-24 09:45:46] User test1 created directory path: 1
[2026-04-24 09:48:27] User test1 disconnected
[2026-04-24 09:49:55] User test1 logged in
[2026-04-24 09:51:29] User test1 disconnected
[2026-04-24 09:51:34] User test1 logged in
[2026-04-24 09:51:44] User test1 disconnected
[2026-04-24 09:52:13] User endv registered
[2026-04-24 09:52:28] User endv created directory path: bigbox
[2026-04-24 09:53:01] User endv created directory path: bigbox
[2026-04-24 09:53:38] User endv disconnected
[2026-04-24 09:59:04] User unknown disconnected
[2026-04-24 09:59:32] User gzhq registered
[2026-04-24 09:59:48] User gzhq created directory path: 1
[2026-04-24 09:59:57] User gzhq created directory path: 1
[2026-04-24 10:00:05] User gzhq created directory path: 1
[2026-04-24 10:00:47] User gzhq disconnected
[2026-04-24 10:02:11] User test1 logged in
[2026-04-24 10:02:23] User test1 start upload /.
[2026-04-24 10:02:23] User test1 completed upload /. (12443 bytes)
[2026-04-24 10:02:32] User test1 disconnected
[2026-04-24 10:07:42] User hello12 registered
[2026-04-24 10:07:54] User hello12 disconnected
[2026-04-24 10:11:00] User hello12 logged in
[2026-04-24 10:17:50] User hello12 disconnected
[2026-04-24 10:18:07] User tnt registered
[2026-04-24 10:18:53] User tnt disconnected
[2026-04-24 10:18:57] User tnt logged in
[2026-04-24 10:21:28] User tnt disconnected
[2026-04-24 10:21:33] User tnt logged in
[2026-04-24 10:21:44] User tnt disconnected
[2026-04-24 10:23:16] User tnt logged in
[2026-04-24 10:23:21] User tnt disconnected
[2026-04-24 10:24:44] User tnt logged in
[2026-04-24 10:24:49] User tnt disconnected
[2026-04-24 10:25:14] User tnt logged in
[2026-04-24 10:25:21] User tnt disconnected
[2026-04-24 10:25:58] User tnt logged in
[2026-04-24 10:26:11] User tnt disconnected
[2026-04-24 10:35:00] User test1 logged in
[2026-04-24 10:35:05] User test1 disconnected
[2026-04-24 10:36:08] User test1 logged in
[2026-04-24 10:36:17] User test1 disconnected
[2026-04-24 10:40:31] User test1 logged in
[2026-04-24 10:40:33] User test1 disconnected
[2026-04-24 10:42:09] User test1 logged in
[2026-04-24 10:42:21] User test1 disconnected
[2026-04-24 10:42:29] User test1 logged in
[2026-04-24 10:42:56] User test1 disconnected
[2026-04-24 10:43:32] User test1 logged in
[2026-04-24 10:43:50] User test1 removed /23/12
[2026-04-24 10:44:03] User test1 removed directory id=85
[2026-04-24 10:45:22] User test1 disconnected
[2026-04-24 10:54:45] User test1 logged in
[2026-04-24 10:56:23] User test1 start upload /23/.
[2026-04-24 10:57:21] User test1 disconnected
[2026-04-24 10:59:47] User test1 logged in
[2026-04-24 11:00:18] User test1 disconnected
[2026-04-24 11:00:50] User test1 logged in
[2026-04-24 11:04:31] User test1 disconnected
[2026-04-24 11:20:28] User test1 logged in
[2026-04-24 11:22:30] User test1 start upload /er/.
[2026-04-24 11:22:30] User test1 completed upload /er/. (691 bytes)
[2026-04-24 11:24:44] User test1 disconnected
[2026-04-24 11:25:29] User test1 logged in
[2026-04-24 11:31:44] User test1 disconnected
[2026-04-24 11:31:55] User test1 logged in
[2026-04-24 11:32:31] User test1 disconnected
[2026-04-24 11:32:40] User test1 logged in
[2026-04-24 11:32:51] User test1 start upload /print.c
[2026-04-24 11:32:51] User test1 completed upload /print.c (0 bytes)
[2026-04-24 11:33:27] User test1 disconnected
[2026-04-24 11:35:35] User test1 logged in
[2026-04-24 11:36:33] User test1 disconnected
[2026-04-24 11:42:57] User test1 logged in
[2026-04-24 11:43:26] User test1 disconnected
[2026-04-24 11:43:30] User test1 logged in
[2026-04-24 11:43:47] User test1 sec-upload /3/. (hash: )
[2026-04-24 11:44:04] User test1 disconnected
[2026-04-24 11:44:11] User test1 logged in
[2026-04-24 11:44:36] User test1 disconnected
[2026-04-24 11:45:47] User test1 logged in
[2026-04-24 11:46:03] User test1 created directory path: file
[2026-04-24 11:46:30] User test1 sec-upload /3/1/file/makefile (hash: )
[2026-04-24 11:46:33] User test1 disconnected
[2026-04-24 11:49:10] User test1 logged in
[2026-04-24 11:49:17] User test1 created directory path: file
[2026-04-24 11:49:45] User test1 start upload /file/configuration.h
[2026-04-24 11:49:45] User test1 completed upload /file/configuration.h (737 bytes)
[2026-04-24 11:51:05] User test1 disconnected
[2026-04-24 11:51:24] User test1 logged in
[2026-04-24 11:53:54] User test1 disconnected
[2026-04-24 12:10:35] User test1 logged in
[2026-04-24 12:10:44] User test1 removed /print.c
[2026-04-24 12:10:57] User test1 removed /file/configuration.h
[2026-04-24 12:11:58] User test1 disconnected
