[2026-04-22 22:49:42] [INFO] === NetDisk Client Starting ===
[2026-04-22 22:49:42] [ERROR] connect failed: Connection refused
[2026-04-22 22:53:23] [INFO] === NetDisk Client Starting ===
[2026-04-22 22:53:23] [INFO] Connected to server 192.168.160.128:12345
[2026-04-22 23:06:03] [INFO] File sent successfully: /tmp/bible.txt, size=70
[2026-04-22 23:06:31] [INFO] Closing connection...
[2026-04-22 23:11:31] [INFO] === NetDisk Client Starting ===
[2026-04-22 23:11:31] [INFO] Connected to server 192.168.160.128:12345
[2026-04-22 23:12:35] [ERROR] Failed to send command data
[2026-04-22 23:12:35] [ERROR] Failed to receive response data
[2026-04-22 23:13:08] [ERROR] Failed to send command header
[2026-04-22 23:13:08] [ERROR] Failed to receive response header
[2026-04-22 23:13:10] [INFO] Received signal: 2, shutting down...
[2026-04-22 23:13:10] [INFO] Closing connection...
[2026-04-22 23:13:12] [INFO] === NetDisk Client Starting ===
[2026-04-22 23:13:12] [INFO] Connected to server 192.168.160.128:12345
[2026-04-22 23:15:15] [INFO] Received signal: 2, shutting down...
[2026-04-22 23:15:15] [INFO] Closing connection...
[2026-04-22 23:15:22] [INFO] === NetDisk Client Starting ===
[2026-04-22 23:15:22] [INFO] Connected to server 192.168.160.128:12345
[2026-04-22 23:16:12] [INFO] Received signal: 2, shutting down...
[2026-04-22 23:16:12] [INFO] Closing connection...
[2026-04-22 23:16:22] [INFO] === NetDisk Client Starting ===
[2026-04-22 23:16:22] [INFO] Connected to server 192.168.160.128:12345
[2026-04-22 23:20:37] [INFO] Received signal: 2, shutting down...
[2026-04-22 23:20:37] [INFO] Closing connection...
[2026-04-22 23:24:28] [INFO] === NetDisk Client Starting ===
[2026-04-22 23:24:28] [INFO] Connected to server 192.168.160.128:12345
[2026-04-22 23:24:38] [INFO] Received signal: 2, shutting down...
[2026-04-22 23:24:38] [INFO] Closing connection...
[2026-04-22 23:42:41] [INFO] === NetDisk Client Starting ===
[2026-04-22 23:42:41] [INFO] Connected to server 192.168.160.128:12345 (control), data port: 12346
[2026-04-22 23:47:35] [INFO] Received signal: 2, shutting down...
[2026-04-22 23:47:35] [INFO] Closing connection...
[2026-04-22 23:47:55] [INFO] === NetDisk Client Starting ===
[2026-04-22 23:47:55] [INFO] Connected to server 192.168.160.128:12345 (control), data port: 12346
[2026-04-22 23:48:32] [INFO] File sent successfully: ./test_glh.txt, size=56
[2026-04-22 23:49:23] [INFO] Received signal: 2, shutting down...
[2026-04-22 23:49:23] [INFO] Closing connection...
[2026-04-23 09:25:33] [INFO] === NetDisk Client Starting ===
[2026-04-23 09:25:33] [INFO] Connected to server 192.168.160.128:12345 (control), data port: 12346
[2026-04-23 09:30:43] [INFO] File sent successfully: ./bible.txt, size=4349664
[2026-04-23 09:31:25] [INFO] Received signal: 2, shutting down...
[2026-04-23 09:31:25] [INFO] Closing connection...
[2026-04-23 09:35:02] [INFO] === NetDisk Client Starting ===
[2026-04-23 09:35:02] [INFO] Connected to server 192.168.160.128:12345 (control), data port: 12346
[2026-04-23 09:35:24] [INFO] File sent successfully: bible.txt, size=4349664
[2026-04-23 09:40:04] [INFO] Received signal: 2, shutting down...
[2026-04-23 09:40:04] [INFO] Closing connection...
[2026-04-23 09:40:09] [INFO] === NetDisk Client Starting ===
[2026-04-23 09:40:09] [INFO] Connected to server 192.168.160.128:12345 (control), data port: 12346
[2026-04-23 09:40:54] [INFO] File sent successfully: bible.txt, size=4349664
[2026-04-23 09:46:29] [INFO] Received signal: 2, shutting down...
[2026-04-23 09:46:29] [INFO] Closing connection...
[2026-04-23 09:46:30] [INFO] === NetDisk Client Starting ===
[2026-04-23 09:46:30] [INFO] Connected to server 192.168.160.128:12345 (control), data port: 12346
[2026-04-23 09:47:17] [INFO] Received signal: 2, shutting down...
[2026-04-23 09:47:17] [INFO] Closing connection...
[2026-04-23 10:08:45] [INFO] === NetDisk Client Starting ===
[2026-04-23 10:08:45] [INFO] Connected to server 192.168.160.128:12345 (control), data port: 12346
[2026-04-23 10:11:52] [INFO] Received signal: 2, shutting down...
[2026-04-23 10:11:52] [INFO] Closing connection...
[2026-04-23 10:22:15] [INFO] === NetDisk Client Starting ===
[2026-04-23 10:22:15] [INFO] Connected to server 192.168.160.128:12345 (control), data port: 12346
[2026-04-23 10:22:39] [DEBUG] Token saved to .netdisk_token
[2026-04-23 10:22:39] [DEBUG] Received and saved token from server
[2026-04-23 10:24:07] [INFO] Received signal: 2, shutting down...
[2026-04-23 10:24:07] [INFO] Closing connection...
[2026-04-23 10:24:42] [INFO] === NetDisk Client Starting ===
[2026-04-23 10:24:42] [INFO] Connected to server 192.168.160.128:12345 (control), data port: 12346
[2026-04-23 10:24:42] [DEBUG] Token loaded from .netdisk_token
[2026-04-23 10:24:42] [INFO] Loaded existing token from .netdisk_token
[2026-04-23 10:25:04] [DEBUG] Token saved to .netdisk_token
[2026-04-23 10:25:04] [DEBUG] Received and saved token from server
[2026-04-23 10:25:15] [DEBUG] Token cleared
[2026-04-23 10:25:55] [DEBUG] Token saved to .netdisk_token
[2026-04-23 10:25:55] [DEBUG] Received and saved token from server
[2026-04-23 10:26:00] [INFO] Received signal: 2, shutting down...
[2026-04-23 10:26:00] [INFO] Closing connection...
[2026-04-23 10:26:02] [INFO] === NetDisk Client Starting ===
[2026-04-23 10:26:02] [INFO] Connected to server 192.168.160.128:12345 (control), data port: 12346
[2026-04-23 10:26:02] [DEBUG] Token loaded from .netdisk_token
[2026-04-23 10:26:02] [INFO] Loaded existing token from .netdisk_token
[2026-04-23 10:26:11] [DEBUG] Token saved to .netdisk_token
[2026-04-23 10:26:11] [DEBUG] Received and saved token from server
[2026-04-23 10:26:21] [INFO] Received signal: 2, shutting down...
[2026-04-23 10:26:21] [INFO] Closing connection...
[2026-04-23 10:26:26] [INFO] === NetDisk Client Starting ===
[2026-04-23 10:26:26] [INFO] Connected to server 192.168.160.128:12345 (control), data port: 12346
[2026-04-23 10:26:26] [DEBUG] Token loaded from .netdisk_token
[2026-04-23 10:26:26] [INFO] Loaded existing token from .netdisk_token
[2026-04-23 10:26:35] [DEBUG] Token saved to .netdisk_token
[2026-04-23 10:26:35] [DEBUG] Received and saved token from server
[2026-04-23 10:26:41] [INFO] Received signal: 2, shutting down...
[2026-04-23 10:26:41] [INFO] Closing connection...
[2026-04-23 10:26:42] [INFO] === NetDisk Client Starting ===
[2026-04-23 10:26:42] [INFO] Connected to server 192.168.160.128:12345 (control), data port: 12346
[2026-04-23 10:26:42] [DEBUG] Token loaded from .netdisk_token
[2026-04-23 10:26:42] [INFO] Loaded existing token from .netdisk_token
[2026-04-23 10:26:46] [DEBUG] Token saved to .netdisk_token
[2026-04-23 10:26:46] [DEBUG] Received and saved token from server
[2026-04-23 10:26:56] [INFO] Received signal: 2, shutting down...
[2026-04-23 10:26:56] [INFO] Closing connection...
[2026-04-23 10:27:14] [INFO] === NetDisk Client Starting ===
[2026-04-23 10:27:14] [INFO] Connected to server 192.168.160.128:12345 (control), data port: 12346
[2026-04-23 10:27:14] [DEBUG] Token loaded from .netdisk_token
[2026-04-23 10:27:14] [INFO] Loaded existing token from .netdisk_token
[2026-04-23 10:27:21] [DEBUG] Token saved to .netdisk_token
[2026-04-23 10:27:21] [DEBUG] Received and saved token from server
[2026-04-23 10:28:04] [INFO] === NetDisk Client Starting ===
[2026-04-23 10:28:04] [INFO] Connected to server 192.168.160.128:12345 (control), data port: 12346
[2026-04-23 10:28:04] [DEBUG] Token loaded from .netdisk_token
[2026-04-23 10:28:04] [INFO] Loaded existing token from .netdisk_token
[2026-04-23 10:28:11] [DEBUG] Token saved to .netdisk_token
[2026-04-23 10:28:11] [DEBUG] Received and saved token from server
[2026-04-23 10:28:46] [INFO] Received signal: 2, shutting down...
[2026-04-23 10:28:46] [INFO] Closing connection...
[2026-04-23 10:28:49] [INFO] === NetDisk Client Starting ===
[2026-04-23 10:28:49] [INFO] Connected to server 192.168.160.128:12345 (control), data port: 12346
[2026-04-23 10:28:49] [DEBUG] Token loaded from .netdisk_token
[2026-04-23 10:28:49] [INFO] Loaded existing token from .netdisk_token
[2026-04-23 10:29:01] [DEBUG] Token saved to .netdisk_token
[2026-04-23 10:29:01] [DEBUG] Received and saved token from server
[2026-04-23 10:29:08] [INFO] Received signal: 2, shutting down...
[2026-04-23 10:29:08] [INFO] Closing connection...
[2026-04-23 10:29:10] [INFO] === NetDisk Client Starting ===
[2026-04-23 10:29:10] [INFO] Connected to server 192.168.160.128:12345 (control), data port: 12346
[2026-04-23 10:29:10] [DEBUG] Token loaded from .netdisk_token
[2026-04-23 10:29:10] [INFO] Loaded existing token from .netdisk_token
[2026-04-23 10:29:13] [DEBUG] Token saved to .netdisk_token
[2026-04-23 10:29:13] [DEBUG] Received and saved token from server
[2026-04-23 10:29:41] [INFO] Received signal: 2, shutting down...
[2026-04-23 10:29:41] [INFO] Closing connection...
[2026-04-23 10:29:42] [INFO] Received signal: 2, shutting down...
[2026-04-23 10:29:42] [INFO] Closing connection...
