[2026-04-23 11:28:10] User cjs logged in
[2026-04-23 11:28:14] User cjs disconnected
[2026-04-23 11:48:17] User cjs logged in
[2026-04-23 11:48:27] User cjs disconnected
[2026-04-23 11:48:44] User zzc registered
[2026-04-23 11:49:13] User zzc disconnected
[2026-04-23 11:50:40] User ggl registered
[2026-04-23 11:51:18] User ggl disconnected
[2026-04-23 13:17:05] User cjs logged in
[2026-04-23 13:17:25] User jsc registered
[2026-04-23 13:17:34] User cjs disconnected
[2026-04-23 13:17:55] User jsc disconnected
[2026-04-23 13:23:38] User cjs logged in
[2026-04-23 13:24:03] User cjs disconnected
[2026-04-23 14:11:32] User cjs logged in
[2026-04-23 14:12:02] User cjs disconnected
[2026-04-23 14:13:49] User cjs logged in
[2026-04-23 14:14:18] User cjs disconnected
[2026-04-23 14:14:44] User cjs logged in
[2026-04-23 14:15:14] User cjs disconnected
[2026-04-23 14:15:40] User cjs logged in
[2026-04-23 14:16:09] User cjs disconnected
