[2026-04-18 01:43:26] File removed: ../home/user/test3/gets.txt
[2026-04-18 01:43:55] File uploaded: ../home/user/test3/gets.txt, size: 176 bytes
[2026-04-19 23:59:52] User unknown disconnected
[2026-04-20 00:00:16] User unknown disconnected
[2026-04-20 00:05:49] User unknown disconnected
[2026-04-20 00:06:26] User huahuo registered
[2026-04-20 00:06:26] User unknown disconnected
[2026-04-20 00:08:08] User unknown disconnected
[2026-04-20 00:08:35] User huahuo logged in
[2026-04-20 00:08:35] User huahuo disconnected
[2026-04-20 00:15:04] User huahuo logged in
[2026-04-20 00:15:04] User huahuo disconnected
[2026-04-20 00:37:32] User huahuo logged in
[2026-04-20 00:37:44] User huahuo disconnected
[2026-04-20 00:38:00] User huahuo logged in
[2026-04-20 00:38:15] User huahuo disconnected
[2026-04-20 00:41:16] User unknown disconnected
[2026-04-20 00:41:55] User unknown disconnected
[2026-04-20 00:44:45] User unknown disconnected
[2026-04-20 00:46:02] User gzh registered
[2026-04-20 00:46:26] User unknown disconnected
[2026-04-20 00:48:21] User unknown disconnected
[2026-04-20 00:51:08] User huahuo logged in
[2026-04-20 00:51:18] User huahuo disconnected
[2026-04-20 00:51:48] User gzh logged in
[2026-04-20 00:51:49] User gzh disconnected
[2026-04-20 15:24:16] User gzh disconnected
[2026-04-20 15:25:34] User gzh registered
[2026-04-20 15:25:52] User unknown disconnected
[2026-04-20 15:26:09] User gzh logged in
[2026-04-20 15:39:36] User gzh logged in
[2026-04-20 15:40:44] User gzh disconnected
[2026-04-20 15:47:34] User gzh logged in
[2026-04-20 15:48:32] User gzh disconnected
[2026-04-20 15:52:03] User gzh logged in
[2026-04-20 15:54:28] User gzh disconnected
[2026-04-20 15:55:49] User gzh logged in
[2026-04-20 15:56:02] User gzh disconnected
[2026-04-20 15:56:08] User gzh logged in
[2026-04-20 15:56:58] User gzh disconnected
[2026-04-20 16:03:34] User gzh logged in
[2026-04-20 16:03:41] User gzh disconnected
[2026-04-20 16:03:58] User gzh logged in
[2026-04-20 16:04:04] User gzh disconnected
[2026-04-20 16:04:59] User gzh logged in
[2026-04-20 16:05:07] User gzh disconnected
[2026-04-20 16:05:30] User gzh logged in
[2026-04-20 16:05:44] User gzh disconnected
[2026-04-20 16:14:47] User gzh logged in
[2026-04-20 16:29:05] User gzh logged in
[2026-04-20 16:30:59] User gzh disconnected
[2026-04-20 16:31:11] User gzh logged in
[2026-04-20 16:33:13] User gzh disconnected
[2026-04-20 16:33:27] User gzh logged in
[2026-04-20 16:34:38] User gzh disconnected
[2026-04-20 16:43:27] User gzh logged in
[2026-04-20 16:47:36] User gzh disconnected
[2026-04-20 17:49:43] User gzh logged in
[2026-04-20 17:49:55] User gzh created directory: test3
[2026-04-20 17:50:00] User gzh disconnected
[2026-04-20 17:50:11] User gzh logged in
[2026-04-20 17:50:24] User gzh created directory: test4
[2026-04-20 17:50:30] User gzh disconnected
[2026-04-20 18:58:40] User hhl registered
[2026-04-20 18:58:52] User unknown disconnected
[2026-04-20 18:59:11] User hhl logged in
[2026-04-20 18:59:15] User hhl disconnected
[2026-04-20 18:59:26] User hhl logged in
[2026-04-20 18:59:31] User hhl disconnected
[2026-04-20 18:59:41] User hhl logged in
[2026-04-20 18:59:51] User hhl created directory: t1
[2026-04-20 19:00:02] User hhl created directory: t2
[2026-04-20 19:00:20] User hhl disconnected
[2026-04-20 19:03:13] User ywj registered
[2026-04-20 19:03:20] User unknown disconnected
[2026-04-20 19:03:49] User hhh registered
[2026-04-20 19:04:00] User unknown disconnected
[2026-04-20 19:07:40] User qqq registered
[2026-04-20 19:08:35] User unknown disconnected
[2026-04-20 19:08:46] User www registered
[2026-04-20 19:09:49] User  created directory: t1
[2026-04-20 19:12:30] User unknown disconnected
[2026-04-20 19:12:49] User eee registered
[2026-04-20 19:13:00] User eee created directory: 1
[2026-04-20 19:13:07] User eee created directory: 2
[2026-04-20 19:13:59] User eee disconnected
[2026-04-20 19:14:40] User unknown disconnected
[2026-04-20 19:15:38] User unknown disconnected
[2026-04-20 19:18:50] User gzh logged in
[2026-04-20 19:19:28] User gzh disconnected
[2026-04-20 19:19:55] User unknown disconnected
[2026-04-20 19:35:55] User gzh logged in
[2026-04-20 19:37:28] User gzh disconnected
[2026-04-20 19:37:40] User gzh logged in
[2026-04-20 19:38:40] User gzh disconnected
[2026-04-20 19:38:50] User gzh logged in
[2026-04-20 19:42:36] User gzh disconnected
[2026-04-20 20:03:02] User gzh logged in
[2026-04-20 20:03:35] User gzh removed directory id=5
[2026-04-20 20:05:23] User gzh disconnected
[2026-04-20 20:43:49] User gzh logged in
[2026-04-20 20:44:11] User gzh disconnected
[2026-04-20 20:51:33] User gzh logged in
[2026-04-20 20:51:50] User gzh disconnected
[2026-04-20 20:53:21] User gzh logged in
[2026-04-20 20:53:47] User gzh disconnected
[2026-04-20 21:42:53] User gzh logged in
[2026-04-20 21:43:31] User gzh created directory: 1
[2026-04-20 21:43:32] User gzh created directory: 2
[2026-04-20 21:43:34] User gzh created directory: 3
[2026-04-20 21:43:36] User gzh created directory: 4
[2026-04-20 21:44:10] User gzh disconnected
[2026-04-20 21:44:16] User gzh logged in
[2026-04-20 21:44:33] User gzh disconnected
[2026-04-20 21:45:52] User gzh logged in
[2026-04-20 21:46:22] User gzh disconnected
[2026-04-21 09:52:40] User gzh logged in
[2026-04-21 09:52:54] User gzh removed /test1
[2026-04-21 09:52:54] User gzh disconnected
[2026-04-21 10:04:22] User gzh logged in
[2026-04-21 10:24:11] User gzh disconnected
[2026-04-21 11:10:18] User gzh logged in
[2026-04-21 11:12:03] User gzh created directory path: 1
[2026-04-21 11:23:47] User gzh disconnected
[2026-04-21 14:14:46] User gzh logged in
[2026-04-21 14:15:12] User gzh disconnected
[2026-04-21 14:15:23] User unknown disconnected
[2026-04-21 14:15:41] User gzh logged in
[2026-04-21 14:17:42] User gzh disconnected
[2026-04-21 14:19:31] User gzh logged in
[2026-04-21 14:22:21] User gzh disconnected
[2026-04-21 14:51:49] User gzh logged in
[2026-04-21 15:15:52] User gzh logged in
[2026-04-21 15:16:12] User gzh uploaded: test1.c
[2026-04-21 15:17:00] User gzh downloaded: test1.c
[2026-04-21 15:17:11] User gzh disconnected
[2026-04-21 15:29:46] User xkz registered
[2026-04-21 15:31:21] User xkz created directory path: 1
[2026-04-21 15:32:14] User xkz disconnected
[2026-04-21 15:32:38] User unknown disconnected
[2026-04-21 15:32:47] User unknown disconnected
[2026-04-21 15:32:52] User xkz logged in
[2026-04-21 15:32:56] User xkz disconnected
[2026-04-21 15:33:06] User zzc registered
[2026-04-21 15:33:07] User zzc disconnected
[2026-04-21 15:33:37] User unknown disconnected
[2026-04-21 15:33:50] User unknown disconnected
[2026-04-21 15:34:08] User unknown disconnected
[2026-04-21 15:34:12] User xkz logged in
[2026-04-21 15:35:35] User xkz disconnected
[2026-04-21 15:35:40] User xkz logged in
[2026-04-21 15:35:48] User xkz disconnected
[2026-04-21 15:36:03] User gzh logged in
[2026-04-21 15:36:22] User gzh disconnected
[2026-04-21 15:36:51] User unknown disconnected
[2026-04-21 15:37:10] User gzh logged in
[2026-04-21 15:38:15] User gzh uploaded: test.txt
[2026-04-21 15:39:38] User gzh fast upload: 1.c
[2026-04-21 15:39:55] User gzh disconnected
[2026-04-21 17:48:17] User unknown disconnected
[2026-04-21 17:48:36] User cjs registered
[2026-04-21 17:51:14] User cjs created directory path: 1
[2026-04-21 17:54:52] User cjs removed directory id=41
[2026-04-21 17:56:57] User cjs disconnected
[2026-04-21 17:57:03] User cjs logged in
[2026-04-21 17:58:18] User cjs disconnected
[2026-04-21 17:58:34] User cjs logged in
[2026-04-21 17:59:01] User cjs disconnected
