[2026-04-22 22:49:42] [INFO] === NetDisk Client Starting ===
[2026-04-22 22:49:42] [ERROR] connect failed: Connection refused
[2026-04-22 22:53:23] [INFO] === NetDisk Client Starting ===
[2026-04-22 22:53:23] [INFO] Connected to server 192.168.160.128:12345
[2026-04-22 23:06:03] [INFO] File sent successfully: /tmp/bible.txt, size=70
[2026-04-22 23:06:31] [INFO] Closing connection...
[2026-04-22 23:11:31] [INFO] === NetDisk Client Starting ===
[2026-04-22 23:11:31] [INFO] Connected to server 192.168.160.128:12345
[2026-04-22 23:12:35] [ERROR] Failed to send command data
[2026-04-22 23:12:35] [ERROR] Failed to receive response data
[2026-04-22 23:13:08] [ERROR] Failed to send command header
[2026-04-22 23:13:08] [ERROR] Failed to receive response header
[2026-04-22 23:13:10] [INFO] Received signal: 2, shutting down...
[2026-04-22 23:13:10] [INFO] Closing connection...
[2026-04-22 23:13:12] [INFO] === NetDisk Client Starting ===
[2026-04-22 23:13:12] [INFO] Connected to server 192.168.160.128:12345
[2026-04-22 23:15:15] [INFO] Received signal: 2, shutting down...
[2026-04-22 23:15:15] [INFO] Closing connection...
[2026-04-22 23:15:22] [INFO] === NetDisk Client Starting ===
[2026-04-22 23:15:22] [INFO] Connected to server 192.168.160.128:12345
[2026-04-22 23:16:12] [INFO] Received signal: 2, shutting down...
[2026-04-22 23:16:12] [INFO] Closing connection...
[2026-04-22 23:16:22] [INFO] === NetDisk Client Starting ===
[2026-04-22 23:16:22] [INFO] Connected to server 192.168.160.128:12345
[2026-04-22 23:20:37] [INFO] Received signal: 2, shutting down...
[2026-04-22 23:20:37] [INFO] Closing connection...
[2026-04-22 23:24:28] [INFO] === NetDisk Client Starting ===
[2026-04-22 23:24:28] [INFO] Connected to server 192.168.160.128:12345
[2026-04-22 23:24:38] [INFO] Received signal: 2, shutting down...
[2026-04-22 23:24:38] [INFO] Closing connection...
[2026-04-22 23:42:41] [INFO] === NetDisk Client Starting ===
[2026-04-22 23:42:41] [INFO] Connected to server 192.168.160.128:12345 (control), data port: 12346
[2026-04-22 23:47:35] [INFO] Received signal: 2, shutting down...
[2026-04-22 23:47:35] [INFO] Closing connection...
[2026-04-22 23:47:55] [INFO] === NetDisk Client Starting ===
[2026-04-22 23:47:55] [INFO] Connected to server 192.168.160.128:12345 (control), data port: 12346
[2026-04-22 23:48:32] [INFO] File sent successfully: ./test_glh.txt, size=56
[2026-04-22 23:49:23] [INFO] Received signal: 2, shutting down...
[2026-04-22 23:49:23] [INFO] Closing connection...
[2026-04-23 09:25:33] [INFO] === NetDisk Client Starting ===
[2026-04-23 09:25:33] [INFO] Connected to server 192.168.160.128:12345 (control), data port: 12346
[2026-04-23 09:30:43] [INFO] File sent successfully: ./bible.txt, size=4349664
[2026-04-23 09:31:25] [INFO] Received signal: 2, shutting down...
[2026-04-23 09:31:25] [INFO] Closing connection...
[2026-04-23 09:35:02] [INFO] === NetDisk Client Starting ===
[2026-04-23 09:35:02] [INFO] Connected to server 192.168.160.128:12345 (control), data port: 12346
[2026-04-23 09:35:24] [INFO] File sent successfully: bible.txt, size=4349664
[2026-04-23 09:40:04] [INFO] Received signal: 2, shutting down...
[2026-04-23 09:40:04] [INFO] Closing connection...
[2026-04-23 09:40:09] [INFO] === NetDisk Client Starting ===
[2026-04-23 09:40:09] [INFO] Connected to server 192.168.160.128:12345 (control), data port: 12346
[2026-04-23 09:40:54] [INFO] File sent successfully: bible.txt, size=4349664
[2026-04-23 09:46:29] [INFO] Received signal: 2, shutting down...
[2026-04-23 09:46:29] [INFO] Closing connection...
[2026-04-23 09:46:30] [INFO] === NetDisk Client Starting ===
[2026-04-23 09:46:30] [INFO] Connected to server 192.168.160.128:12345 (control), data port: 12346
[2026-04-23 09:47:17] [INFO] Received signal: 2, shutting down...
[2026-04-23 09:47:17] [INFO] Closing connection...
[2026-04-23 10:08:45] [INFO] === NetDisk Client Starting ===
[2026-04-23 10:08:45] [INFO] Connected to server 192.168.160.128:12345 (control), data port: 12346
[2026-04-23 10:11:52] [INFO] Received signal: 2, shutting down...
[2026-04-23 10:11:52] [INFO] Closing connection...
[2026-04-23 10:22:15] [INFO] === NetDisk Client Starting ===
[2026-04-23 10:22:15] [INFO] Connected to server 192.168.160.128:12345 (control), data port: 12346
[2026-04-23 10:22:39] [DEBUG] Token saved to .netdisk_token
[2026-04-23 10:22:39] [DEBUG] Received and saved token from server
[2026-04-23 10:24:07] [INFO] Received signal: 2, shutting down...
[2026-04-23 10:24:07] [INFO] Closing connection...
[2026-04-23 10:24:42] [INFO] === NetDisk Client Starting ===
[2026-04-23 10:24:42] [INFO] Connected to server 192.168.160.128:12345 (control), data port: 12346
[2026-04-23 10:24:42] [DEBUG] Token loaded from .netdisk_token
[2026-04-23 10:24:42] [INFO] Loaded existing token from .netdisk_token
[2026-04-23 10:25:04] [DEBUG] Token saved to .netdisk_token
[2026-04-23 10:25:04] [DEBUG] Received and saved token from server
[2026-04-23 10:25:15] [DEBUG] Token cleared
[2026-04-23 10:25:55] [DEBUG] Token saved to .netdisk_token
[2026-04-23 10:25:55] [DEBUG] Received and saved token from server
[2026-04-23 10:26:00] [INFO] Received signal: 2, shutting down...
[2026-04-23 10:26:00] [INFO] Closing connection...
[2026-04-23 10:26:02] [INFO] === NetDisk Client Starting ===
[2026-04-23 10:26:02] [INFO] Connected to server 192.168.160.128:12345 (control), data port: 12346
[2026-04-23 10:26:02] [DEBUG] Token loaded from .netdisk_token
[2026-04-23 10:26:02] [INFO] Loaded existing token from .netdisk_token
[2026-04-23 10:26:11] [DEBUG] Token saved to .netdisk_token
[2026-04-23 10:26:11] [DEBUG] Received and saved token from server
[2026-04-23 10:26:21] [INFO] Received signal: 2, shutting down...
[2026-04-23 10:26:21] [INFO] Closing connection...
[2026-04-23 10:26:26] [INFO] === NetDisk Client Starting ===
[2026-04-23 10:26:26] [INFO] Connected to server 192.168.160.128:12345 (control), data port: 12346
[2026-04-23 10:26:26] [DEBUG] Token loaded from .netdisk_token
[2026-04-23 10:26:26] [INFO] Loaded existing token from .netdisk_token
[2026-04-23 10:26:35] [DEBUG] Token saved to .netdisk_token
[2026-04-23 10:26:35] [DEBUG] Received and saved token from server
[2026-04-23 10:26:41] [INFO] Received signal: 2, shutting down...
[2026-04-23 10:26:41] [INFO] Closing connection...
[2026-04-23 10:26:42] [INFO] === NetDisk Client Starting ===
[2026-04-23 10:26:42] [INFO] Connected to server 192.168.160.128:12345 (control), data port: 12346
[2026-04-23 10:26:42] [DEBUG] Token loaded from .netdisk_token
[2026-04-23 10:26:42] [INFO] Loaded existing token from .netdisk_token
[2026-04-23 10:26:46] [DEBUG] Token saved to .netdisk_token
[2026-04-23 10:26:46] [DEBUG] Received and saved token from server
[2026-04-23 10:26:56] [INFO] Received signal: 2, shutting down...
[2026-04-23 10:26:56] [INFO] Closing connection...
[2026-04-23 10:27:14] [INFO] === NetDisk Client Starting ===
[2026-04-23 10:27:14] [INFO] Connected to server 192.168.160.128:12345 (control), data port: 12346
[2026-04-23 10:27:14] [DEBUG] Token loaded from .netdisk_token
[2026-04-23 10:27:14] [INFO] Loaded existing token from .netdisk_token
[2026-04-23 10:27:21] [DEBUG] Token saved to .netdisk_token
[2026-04-23 10:27:21] [DEBUG] Received and saved token from server
[2026-04-23 10:28:04] [INFO] === NetDisk Client Starting ===
[2026-04-23 10:28:04] [INFO] Connected to server 192.168.160.128:12345 (control), data port: 12346
[2026-04-23 10:28:04] [DEBUG] Token loaded from .netdisk_token
[2026-04-23 10:28:04] [INFO] Loaded existing token from .netdisk_token
[2026-04-23 10:28:11] [DEBUG] Token saved to .netdisk_token
[2026-04-23 10:28:11] [DEBUG] Received and saved token from server
[2026-04-23 10:28:46] [INFO] Received signal: 2, shutting down...
[2026-04-23 10:28:46] [INFO] Closing connection...
[2026-04-23 10:28:49] [INFO] === NetDisk Client Starting ===
[2026-04-23 10:28:49] [INFO] Connected to server 192.168.160.128:12345 (control), data port: 12346
[2026-04-23 10:28:49] [DEBUG] Token loaded from .netdisk_token
[2026-04-23 10:28:49] [INFO] Loaded existing token from .netdisk_token
[2026-04-23 10:29:01] [DEBUG] Token saved to .netdisk_token
[2026-04-23 10:29:01] [DEBUG] Received and saved token from server
[2026-04-23 10:29:08] [INFO] Received signal: 2, shutting down...
[2026-04-23 10:29:08] [INFO] Closing connection...
[2026-04-23 10:29:10] [INFO] === NetDisk Client Starting ===
[2026-04-23 10:29:10] [INFO] Connected to server 192.168.160.128:12345 (control), data port: 12346
[2026-04-23 10:29:10] [DEBUG] Token loaded from .netdisk_token
[2026-04-23 10:29:10] [INFO] Loaded existing token from .netdisk_token
[2026-04-23 10:29:13] [DEBUG] Token saved to .netdisk_token
[2026-04-23 10:29:13] [DEBUG] Received and saved token from server
[2026-04-23 10:29:41] [INFO] Received signal: 2, shutting down...
[2026-04-23 10:29:41] [INFO] Closing connection...
[2026-04-23 10:29:42] [INFO] Received signal: 2, shutting down...
[2026-04-23 10:29:42] [INFO] Closing connection...
[2026-04-23 11:01:20] [INFO] === NetDisk Client Starting ===
[2026-04-23 11:01:20] [INFO] Connected to server 192.168.160.128:12345 (control), data port: 12346
[2026-04-23 11:01:20] [DEBUG] Token loaded from .netdisk_token
[2026-04-23 11:01:20] [INFO] Loaded existing token from .netdisk_token
[2026-04-23 11:01:37] [DEBUG] Token saved to .netdisk_token
[2026-04-23 11:01:37] [DEBUG] Received and saved token from server
[2026-04-23 11:03:09] [ERROR] Failed to receive response header
[2026-04-23 11:03:12] [ERROR] Failed to send command header
[2026-04-23 11:03:12] [ERROR] Failed to receive response header
[2026-04-23 11:03:15] [ERROR] Failed to send command header
[2026-04-23 11:03:15] [ERROR] Failed to receive response header
[2026-04-23 11:03:20] [ERROR] Failed to send command header
[2026-04-23 11:03:20] [ERROR] Failed to receive response header
[2026-04-23 11:03:25] [ERROR] Failed to send command header
[2026-04-23 11:03:25] [ERROR] Failed to receive response header
[2026-04-23 11:03:28] [ERROR] Failed to send command header
[2026-04-23 11:03:28] [ERROR] Failed to receive response header
[2026-04-23 11:03:31] [ERROR] Failed to send command header
[2026-04-23 11:03:31] [ERROR] Failed to receive response header
[2026-04-23 11:03:34] [ERROR] Failed to send command header
[2026-04-23 11:03:34] [ERROR] Failed to receive response header
[2026-04-23 11:03:42] [ERROR] Failed to send command header
[2026-04-23 11:03:42] [DEBUG] Token cleared
[2026-04-23 11:03:42] [INFO] Closing connection...
[2026-04-23 11:03:45] [INFO] === NetDisk Client Starting ===
[2026-04-23 11:03:45] [INFO] Connected to server 192.168.160.128:12345 (control), data port: 12346
[2026-04-23 11:03:51] [DEBUG] Token saved to .netdisk_token
[2026-04-23 11:03:51] [DEBUG] Received and saved token from server
[2026-04-23 11:05:03] [ERROR] Failed to receive response header
[2026-04-23 11:05:08] [ERROR] Failed to send command header
[2026-04-23 11:05:08] [ERROR] Failed to receive response header
[2026-04-23 11:05:15] [ERROR] Failed to send command header
[2026-04-23 11:05:15] [DEBUG] Token cleared
[2026-04-23 11:05:15] [INFO] Closing connection...
[2026-04-23 11:17:41] [INFO] === NetDisk Client Starting ===
[2026-04-23 11:17:41] [INFO] Connected to server 192.168.160.128:12345 (control), data port: 12346
[2026-04-23 11:17:50] [DEBUG] Token saved to .netdisk_token
[2026-04-23 11:17:50] [DEBUG] Received and saved token from server
[2026-04-23 11:19:07] [ERROR] Failed to send command header
[2026-04-23 11:19:07] [DEBUG] Token cleared
[2026-04-23 11:19:19] [ERROR] Failed to send command header
[2026-04-23 11:19:19] [INFO] Server closed connection
[2026-04-23 11:20:09] [ERROR] Failed to send command header
[2026-04-23 11:20:09] [ERROR] Failed to send command header
[2026-04-23 11:20:09] [DEBUG] Token cleared
[2026-04-23 11:20:28] [ERROR] Failed to send command header
[2026-04-23 11:20:28] [INFO] Server closed connection
[2026-04-23 11:20:31] [INFO] Received signal: 2, shutting down...
[2026-04-23 11:20:31] [INFO] Closing connection...
[2026-04-23 11:20:43] [INFO] === NetDisk Client Starting ===
[2026-04-23 11:20:43] [INFO] Connected to server 192.168.160.128:12345 (control), data port: 12346
[2026-04-23 11:20:47] [DEBUG] Token saved to .netdisk_token
[2026-04-23 11:20:47] [DEBUG] Received and saved token from server
[2026-04-23 11:31:38] [INFO] Received signal: 2, shutting down...
[2026-04-23 11:31:38] [INFO] Closing connection...
[2026-04-23 11:35:28] [INFO] === NetDisk Client Starting ===
[2026-04-23 11:35:28] [INFO] Connected to server 192.168.160.128:12345 (control), data port: 12346
[2026-04-23 11:35:28] [DEBUG] Token loaded from .netdisk_token
[2026-04-23 11:35:28] [INFO] Loaded existing token from .netdisk_token
[2026-04-23 11:35:33] [DEBUG] Token saved to .netdisk_token
[2026-04-23 11:35:33] [DEBUG] Received and saved token from server
[2026-04-23 11:36:33] [INFO] Server closed connection
[2026-04-23 11:36:33] [DEBUG] Token cleared
[2026-04-23 11:36:56] [ERROR] Failed to send command header
[2026-04-23 11:36:56] [INFO] Server closed connection
[2026-04-23 11:37:10] [ERROR] Failed to send command header
[2026-04-23 11:37:10] [INFO] Server closed connection
[2026-04-23 11:37:28] [INFO] Received signal: 2, shutting down...
[2026-04-23 11:37:28] [INFO] Closing connection...
[2026-04-23 11:37:30] [INFO] === NetDisk Client Starting ===
[2026-04-23 11:37:30] [INFO] Connected to server 192.168.160.128:12345 (control), data port: 12346
[2026-04-23 11:37:34] [DEBUG] Token saved to .netdisk_token
[2026-04-23 11:37:34] [DEBUG] Received and saved token from server
[2026-04-23 11:37:43] [INFO] Received signal: 2, shutting down...
[2026-04-23 11:37:43] [INFO] Closing connection...
[2026-04-23 11:43:35] [INFO] === NetDisk Client Starting ===
[2026-04-23 11:43:35] [INFO] Connected to server 192.168.160.128:12345 (control), data port: 12346
[2026-04-23 11:43:35] [DEBUG] Token loaded from .netdisk_token
[2026-04-23 11:43:35] [INFO] Loaded existing token from .netdisk_token
[2026-04-23 11:43:39] [DEBUG] Token saved to .netdisk_token
[2026-04-23 11:43:39] [DEBUG] Received and saved token from server
[2026-04-23 11:44:24] [INFO] Server closed connection
[2026-04-23 11:44:24] [DEBUG] Token cleared
[2026-04-23 11:44:30] [ERROR] Failed to send command header
[2026-04-23 11:44:30] [DEBUG] Token cleared
[2026-04-23 11:44:35] [INFO] Received signal: 2, shutting down...
[2026-04-23 11:44:35] [INFO] Closing connection...
[2026-04-23 11:44:38] [INFO] === NetDisk Client Starting ===
[2026-04-23 11:44:38] [INFO] Connected to server 192.168.160.128:12345 (control), data port: 12346
[2026-04-23 11:44:46] [DEBUG] Token saved to .netdisk_token
[2026-04-23 11:44:46] [DEBUG] Received and saved token from server
[2026-04-23 11:46:38] [ERROR] Failed to send command header
[2026-04-23 11:46:38] [DEBUG] Token cleared
[2026-04-23 11:46:55] [INFO] Received signal: 2, shutting down...
[2026-04-23 11:46:55] [INFO] Closing connection...
[2026-04-23 12:21:39] [INFO] === NetDisk Client Starting ===
[2026-04-23 12:21:39] [INFO] Connected to server 192.168.160.128:12345 (control), data port: 12346
[2026-04-23 12:22:08] [DEBUG] Received response: code=0, data_len=2, token=NjoxNzc2OTE4MTI4OjYw...
[2026-04-23 12:22:08] [DEBUG] Token saved to .netdisk_token
[2026-04-23 12:22:08] [DEBUG] Received and saved token from server
[2026-04-23 12:22:08] [DEBUG] Received response data (2 bytes): 6...
[2026-04-23 12:22:14] [DEBUG] Received response: code=5, data_len=14, token=...
[2026-04-23 12:22:14] [DEBUG] Received response data (14 bytes): 4349664|12346...
[2026-04-23 12:22:18] [DEBUG] Received response: code=0, data_len=30, token=...
[2026-04-23 12:22:18] [DEBUG] Received response data (30 bytes): [DIR] glh_1
[FILE] bible.txt
...
[2026-04-23 12:22:19] [DEBUG] Received response: code=0, data_len=30, token=...
[2026-04-23 12:22:19] [DEBUG] Received response data (30 bytes): [DIR] glh_1
[FILE] bible.txt
...
[2026-04-23 12:23:22] [DEBUG] Received response: code=0, data_len=30, token=...
[2026-04-23 12:23:22] [DEBUG] Received response data (30 bytes): [DIR] glh_1
[FILE] bible.txt
...
[2026-04-23 12:26:38] [ERROR] Failed to send command header
[2026-04-23 12:26:38] [ERROR] Failed to send command header
[2026-04-23 12:26:38] [DEBUG] Token cleared
[2026-04-23 12:26:48] [ERROR] Failed to send command header
[2026-04-23 12:26:48] [DEBUG] Token cleared
[2026-04-23 12:26:50] [INFO] Received signal: 2, shutting down...
[2026-04-23 12:26:50] [INFO] Closing connection...
[2026-04-23 12:26:59] [INFO] === NetDisk Client Starting ===
[2026-04-23 12:26:59] [INFO] Connected to server 192.168.160.128:12345 (control), data port: 12346
[2026-04-23 12:27:06] [DEBUG] Received response: code=0, data_len=2, token=NjoxNzc2OTE4NDI2OmE3...
[2026-04-23 12:27:06] [DEBUG] Token saved to .netdisk_token
[2026-04-23 12:27:06] [DEBUG] Received and saved token from server
[2026-04-23 12:27:06] [DEBUG] Received response data (2 bytes): 6...
[2026-04-23 12:27:20] [DEBUG] Received response: code=0, data_len=0, token=...
[2026-04-23 12:27:22] [DEBUG] Received response: code=0, data_len=5, token=...
[2026-04-23 12:27:22] [DEBUG] Received response data (5 bytes): /111...
[2026-04-23 12:27:30] [DEBUG] Received response: code=0, data_len=0, token=...
[2026-04-23 12:27:47] [DEBUG] Received response: code=5, data_len=14, token=...
[2026-04-23 12:27:47] [DEBUG] Received response data (14 bytes): 4349664|12346...
[2026-04-23 12:27:54] [INFO] Received signal: 2, shutting down...
[2026-04-23 12:27:54] [INFO] Closing connection...
[2026-04-23 12:48:23] [INFO] === NetDisk Client Starting ===
[2026-04-23 12:48:23] [INFO] Connected to server 192.168.160.128:12345 (control), data port: 12346
[2026-04-23 12:48:23] [DEBUG] Token loaded from .netdisk_token
[2026-04-23 12:48:23] [INFO] Loaded existing token from .netdisk_token
[2026-04-23 12:48:27] [DEBUG] Received response: code=0, data_len=2, token=NjoxNzc2OTE5NzA3OmUx...
[2026-04-23 12:48:27] [DEBUG] Token saved to .netdisk_token
[2026-04-23 12:48:27] [DEBUG] Received and saved token from server
[2026-04-23 12:48:27] [DEBUG] Received response data (2 bytes): 6...
[2026-04-23 12:48:29] [DEBUG] Received response: code=0, data_len=40, token=...
[2026-04-23 12:48:29] [DEBUG] Received response data (40 bytes): [DIR] glh_1
[FILE] bible.txt
[DIR] 111
...
[2026-04-23 12:48:30] [DEBUG] Received response: code=0, data_len=40, token=...
[2026-04-23 12:48:30] [DEBUG] Received response data (40 bytes): [DIR] glh_1
[FILE] bible.txt
[DIR] 111
...
[2026-04-23 12:49:39] [DEBUG] Received response: code=0, data_len=2, token=...
[2026-04-23 12:49:39] [DEBUG] Received response data (2 bytes): /...
[2026-04-23 12:49:42] [ERROR] Failed to send command header
[2026-04-23 12:49:42] [ERROR] Failed to send command header
[2026-04-23 12:49:42] [DEBUG] Token cleared
[2026-04-23 12:49:55] [ERROR] Failed to send command header
[2026-04-23 12:49:55] [DEBUG] Token cleared
[2026-04-23 12:49:57] [INFO] Received signal: 2, shutting down...
[2026-04-23 12:49:57] [INFO] Closing connection...
[2026-04-23 12:50:02] [INFO] === NetDisk Client Starting ===
[2026-04-23 12:50:02] [INFO] Connected to server 192.168.160.128:12345 (control), data port: 12346
[2026-04-23 12:50:07] [DEBUG] Received response: code=0, data_len=2, token=NjoxNzc2OTE5ODA3Ojcx...
[2026-04-23 12:50:07] [DEBUG] Token saved to .netdisk_token
[2026-04-23 12:50:07] [DEBUG] Received and saved token from server
[2026-04-23 12:50:07] [DEBUG] Received response data (2 bytes): 6...
[2026-04-23 12:50:12] [DEBUG] Received response: code=0, data_len=40, token=...
[2026-04-23 12:50:12] [DEBUG] Received response data (40 bytes): [DIR] glh_1
[FILE] bible.txt
[DIR] 111
...
[2026-04-23 12:50:19] [DEBUG] Received response: code=0, data_len=40, token=...
[2026-04-23 12:50:19] [DEBUG] Received response data (40 bytes): [DIR] glh_1
[FILE] bible.txt
[DIR] 111
...
[2026-04-23 12:50:24] [DEBUG] Received response: code=0, data_len=0, token=...
[2026-04-23 12:50:40] [DEBUG] Received response: code=0, data_len=0, token=...
[2026-04-23 12:50:46] [DEBUG] Received response: code=5, data_len=14, token=...
[2026-04-23 12:50:46] [DEBUG] Received response data (14 bytes): 4349664|12346...
[2026-04-23 12:50:52] [DEBUG] Received response: code=0, data_len=40, token=...
[2026-04-23 12:50:52] [DEBUG] Received response data (40 bytes): [DIR] glh_1
[DIR] 111
[FILE] bible.txt
...
[2026-04-23 12:51:32] [INFO] Received signal: 2, shutting down...
[2026-04-23 12:51:32] [INFO] Closing connection...
[2026-04-23 12:51:40] [INFO] === NetDisk Client Starting ===
[2026-04-23 12:51:40] [INFO] Connected to server 192.168.160.128:12345 (control), data port: 12346
[2026-04-23 12:51:40] [DEBUG] Token loaded from .netdisk_token
[2026-04-23 12:51:40] [INFO] Loaded existing token from .netdisk_token
[2026-04-23 12:51:46] [DEBUG] Received response: code=0, data_len=2, token=NjoxNzc2OTE5OTA2OjJi...
[2026-04-23 12:51:46] [DEBUG] Token saved to .netdisk_token
[2026-04-23 12:51:46] [DEBUG] Received and saved token from server
[2026-04-23 12:51:46] [DEBUG] Received response data (2 bytes): 6...
[2026-04-23 12:51:48] [DEBUG] Received response: code=0, data_len=40, token=...
[2026-04-23 12:51:48] [DEBUG] Received response data (40 bytes): [DIR] glh_1
[DIR] 111
[FILE] bible.txt
...
[2026-04-23 12:51:53] [DEBUG] Received response: code=0, data_len=40, token=...
[2026-04-23 12:51:53] [DEBUG] Received response data (40 bytes): [DIR] glh_1
[DIR] 111
[FILE] bible.txt
...
[2026-04-23 12:52:09] [DEBUG] Received response: code=5, data_len=14, token=...
[2026-04-23 12:52:09] [DEBUG] Received response data (14 bytes): 4349664|12346...
[2026-04-23 12:53:01] [INFO] Received signal: 2, shutting down...
[2026-04-23 12:53:01] [INFO] Closing connection...
[2026-04-23 12:57:32] [INFO] === NetDisk Client Starting ===
[2026-04-23 12:57:32] [INFO] Connected to server 192.168.160.128:12345 (control), data port: 12346
[2026-04-23 12:57:32] [DEBUG] Token loaded from .netdisk_token
[2026-04-23 12:57:32] [INFO] Loaded existing token from .netdisk_token
[2026-04-23 12:57:36] [DEBUG] Received response: code=0, data_len=2, token=NjoxNzc2OTIwMjU2Ojk2...
[2026-04-23 12:57:36] [DEBUG] Token saved to .netdisk_token
[2026-04-23 12:57:36] [DEBUG] Received and saved token from server
[2026-04-23 12:57:36] [DEBUG] Received response data (2 bytes): 6...
[2026-04-23 12:57:40] [DEBUG] Received response: code=0, data_len=23, token=...
[2026-04-23 12:57:40] [DEBUG] Received response data (23 bytes): [DIR] glh_1
[DIR] 111
...
[2026-04-23 12:57:59] [DEBUG] Received response: code=0, data_len=23, token=...
[2026-04-23 12:57:59] [DEBUG] Received response data (23 bytes): [DIR] glh_1
[DIR] 111
...
[2026-04-23 12:58:00] [DEBUG] Received response: code=0, data_len=5, token=...
[2026-04-23 12:58:00] [DEBUG] Received response data (5 bytes): /111...
[2026-04-23 12:58:03] [DEBUG] Received response: code=3, data_len=20, token=...
[2026-04-23 12:58:03] [DEBUG] Received response data (20 bytes): Directory not found...
[2026-04-23 13:03:58] [INFO] Received signal: 2, shutting down...
[2026-04-23 13:03:58] [INFO] Closing connection...
[2026-04-23 13:04:12] [INFO] === NetDisk Client Starting ===
[2026-04-23 13:04:12] [INFO] Connected to server 192.168.160.128:12345 (control), data port: 12346
[2026-04-23 13:04:12] [DEBUG] Token loaded from .netdisk_token
[2026-04-23 13:04:12] [INFO] Loaded existing token from .netdisk_token
[2026-04-23 13:04:22] [DEBUG] Received response: code=0, data_len=2, token=NjoxNzc2OTIwNjYyOjRk...
[2026-04-23 13:04:22] [DEBUG] Token saved to .netdisk_token
[2026-04-23 13:04:22] [DEBUG] Received and saved token from server
[2026-04-23 13:04:22] [DEBUG] Received response data (2 bytes): 6...
[2026-04-23 13:04:33] [DEBUG] Received response: code=0, data_len=23, token=...
[2026-04-23 13:04:33] [DEBUG] Received response data (23 bytes): [DIR] glh_1
[DIR] 111
...
[2026-04-23 13:04:58] [DEBUG] Received response: code=0, data_len=23, token=...
[2026-04-23 13:04:58] [DEBUG] Received response data (23 bytes): [DIR] glh_1
[DIR] 111
...
[2026-04-23 13:05:16] [DEBUG] Received response: code=0, data_len=23, token=...
[2026-04-23 13:05:16] [DEBUG] Received response data (23 bytes): [DIR] glh_1
[DIR] 111
...
[2026-04-23 13:05:43] [DEBUG] Received response: code=0, data_len=0, token=...
[2026-04-23 13:05:54] [DEBUG] Received response: code=0, data_len=43, token=...
[2026-04-23 13:05:54] [DEBUG] Received response data (43 bytes): [DIR] glh_1
[DIR] 111
[FILE] bible666.txt
...
[2026-04-23 13:06:05] [DEBUG] Received response: code=5, data_len=14, token=...
[2026-04-23 13:06:05] [DEBUG] Received response data (14 bytes): 4349664|12346...
[2026-04-23 13:06:19] [DEBUG] Received response: code=0, data_len=43, token=...
[2026-04-23 13:06:19] [DEBUG] Received response data (43 bytes): [DIR] glh_1
[DIR] 111
[FILE] bible666.txt
...
[2026-04-23 13:06:20] [DEBUG] Received response: code=0, data_len=2, token=...
[2026-04-23 13:06:20] [DEBUG] Received response data (2 bytes): /...
[2026-04-23 13:06:36] [DEBUG] Received response: code=0, data_len=0, token=...
[2026-04-23 13:06:39] [DEBUG] Received response: code=0, data_len=23, token=...
[2026-04-23 13:06:39] [DEBUG] Received response data (23 bytes): [DIR] glh_1
[DIR] 111
...
[2026-04-23 13:07:21] [DEBUG] Received response: code=0, data_len=23, token=...
[2026-04-23 13:07:21] [DEBUG] Received response data (23 bytes): [DIR] glh_1
[DIR] 111
...
[2026-04-23 13:07:23] [DEBUG] Received response: code=0, data_len=23, token=...
[2026-04-23 13:07:23] [DEBUG] Received response data (23 bytes): [DIR] glh_1
[DIR] 111
...
[2026-04-23 13:07:24] [DEBUG] Received response: code=0, data_len=23, token=...
[2026-04-23 13:07:24] [DEBUG] Received response data (23 bytes): [DIR] glh_1
[DIR] 111
...
[2026-04-23 13:08:09] [DEBUG] Received response: code=0, data_len=23, token=...
[2026-04-23 13:08:09] [DEBUG] Received response data (23 bytes): [DIR] glh_1
[DIR] 111
...
[2026-04-23 13:08:12] [DEBUG] Received response: code=0, data_len=2, token=...
[2026-04-23 13:08:12] [DEBUG] Received response data (2 bytes): /...
[2026-04-23 13:08:16] [DEBUG] Token cleared
[2026-04-23 13:08:16] [INFO] Closing connection...
[2026-04-23 13:11:48] [INFO] === NetDisk Client Starting ===
[2026-04-23 13:11:48] [INFO] Connected to server 192.168.160.128:12345 (control), data port: 12346
[2026-04-23 13:11:56] [DEBUG] Received response: code=0, data_len=2, token=NjoxNzc2OTIxMTE2OmNm...
[2026-04-23 13:11:56] [DEBUG] Token saved to .netdisk_token
[2026-04-23 13:11:56] [DEBUG] Received and saved token from server
[2026-04-23 13:11:56] [DEBUG] Received response data (2 bytes): 6...
[2026-04-23 13:11:57] [DEBUG] Received response: code=0, data_len=23, token=...
[2026-04-23 13:11:57] [DEBUG] Received response data (23 bytes): [DIR] glh_1
[DIR] 111
...
[2026-04-23 13:13:13] [INFO] Server closed connection
[2026-04-23 13:13:13] [DEBUG] Token cleared
[2026-04-23 13:13:24] [INFO] Received signal: 2, shutting down...
[2026-04-23 13:13:24] [INFO] Closing connection...
[2026-04-23 13:13:37] [INFO] === NetDisk Client Starting ===
[2026-04-23 13:13:37] [INFO] Connected to server 192.168.160.128:12345 (control), data port: 12346
[2026-04-23 13:13:42] [DEBUG] Received response: code=0, data_len=2, token=NjoxNzc2OTIxMjIyOjYy...
[2026-04-23 13:13:42] [DEBUG] Token saved to .netdisk_token
[2026-04-23 13:13:42] [DEBUG] Received and saved token from server
[2026-04-23 13:13:42] [DEBUG] Received response data (2 bytes): 6...
[2026-04-23 13:13:47] [DEBUG] Received response: code=0, data_len=23, token=...
[2026-04-23 13:13:47] [DEBUG] Received response data (23 bytes): [DIR] glh_1
[DIR] 111
...
[2026-04-23 13:21:10] [INFO] Server closed connection
[2026-04-23 13:21:10] [DEBUG] Token cleared
[2026-04-23 13:21:14] [INFO] Received signal: 2, shutting down...
[2026-04-23 13:21:17] [INFO] Received signal: 2, shutting down...
[2026-04-23 13:21:17] [INFO] Received signal: 2, shutting down...
[2026-04-23 13:21:17] [ERROR] Failed to send command header
[2026-04-23 13:21:17] [DEBUG] Token cleared
[2026-04-23 13:21:18] [INFO] Received signal: 2, shutting down...
[2026-04-23 13:21:18] [INFO] Closing connection...
[2026-04-23 13:21:20] [INFO] === NetDisk Client Starting ===
[2026-04-23 13:21:20] [INFO] Connected to server 192.168.160.128:12345 (control), data port: 12346
[2026-04-23 13:21:25] [DEBUG] Received response: code=2, data_len=29, token=...
[2026-04-23 13:21:25] [DEBUG] Received response data (29 bytes): Invalid username or password...
[2026-04-23 13:21:29] [DEBUG] Received response: code=0, data_len=2, token=NjoxNzc2OTIxNjg5OmQ1...
[2026-04-23 13:21:29] [DEBUG] Token saved to .netdisk_token
[2026-04-23 13:21:29] [DEBUG] Received and saved token from server
[2026-04-23 13:21:29] [DEBUG] Received response data (2 bytes): 6...
[2026-04-23 13:21:30] [DEBUG] Received response: code=0, data_len=23, token=...
[2026-04-23 13:21:30] [DEBUG] Received response data (23 bytes): [DIR] glh_1
[DIR] 111
...
[2026-04-23 13:22:09] [INFO] Server closed connection
[2026-04-23 13:22:09] [DEBUG] Token cleared
[2026-04-23 13:22:16] [ERROR] Failed to send command header
[2026-04-23 13:22:16] [DEBUG] Token cleared
[2026-04-23 13:22:17] [INFO] Received signal: 2, shutting down...
[2026-04-23 13:22:17] [INFO] Closing connection...
[2026-04-23 13:33:17] [INFO] === NetDisk Client Starting ===
[2026-04-23 13:33:17] [INFO] Connected to server 192.168.160.128:12345 (control), data port: 12346
[2026-04-23 13:33:21] [DEBUG] Received response: code=0, data_len=2, token=NjoxNzc2OTIyNDAxOmY1...
[2026-04-23 13:33:21] [DEBUG] Token saved to .netdisk_token
[2026-04-23 13:33:21] [DEBUG] Received and saved token from server
[2026-04-23 13:33:21] [DEBUG] Received response data (2 bytes): 6...
[2026-04-23 13:33:33] [DEBUG] Token cleared
[2026-04-23 13:33:41] [DEBUG] Received response: code=0, data_len=2, token=ODoxNzc2OTIyNDIxOmU5...
[2026-04-23 13:33:41] [DEBUG] Token saved to .netdisk_token
[2026-04-23 13:33:41] [DEBUG] Received and saved token from server
[2026-04-23 13:33:41] [DEBUG] Received response data (2 bytes): 8...
[2026-04-23 13:33:43] [DEBUG] Received response: code=0, data_len=12, token=...
[2026-04-23 13:33:43] [DEBUG] Received response data (12 bytes): [DIR] cjs1
...
[2026-04-23 13:33:54] [DEBUG] Received response: code=0, data_len=0, token=...
[2026-04-23 13:34:44] [INFO] Server closed connection
[2026-04-23 13:38:03] [ERROR] Failed to send command header
[2026-04-23 13:38:03] [INFO] Server closed connection
[2026-04-23 13:38:45] [ERROR] Failed to send command header
[2026-04-23 13:38:45] [DEBUG] Token cleared
[2026-04-23 13:39:21] [INFO] Received signal: 2, shutting down...
[2026-04-23 13:39:21] [INFO] Closing connection...
[2026-04-23 13:40:26] [INFO] === NetDisk Client Starting ===
[2026-04-23 13:40:26] [INFO] Connected to server 192.168.160.128:12345 (control), data port: 12346
[2026-04-23 13:42:28] [ERROR] Failed to receive response header: Connection reset by peer
[2026-04-23 13:42:28] [DEBUG] Token cleared
[2026-04-23 13:42:30] [INFO] Received signal: 2, shutting down...
[2026-04-23 13:42:30] [INFO] Closing connection...
[2026-04-23 13:42:36] [INFO] === NetDisk Client Starting ===
[2026-04-23 13:42:36] [INFO] Connected to server 192.168.160.128:12345 (control), data port: 12346
[2026-04-23 13:42:40] [DEBUG] Received response: code=0, data_len=2, token=NjoxNzc2OTIyOTYwOmIx...
[2026-04-23 13:42:40] [DEBUG] Token saved to .netdisk_token
[2026-04-23 13:42:40] [DEBUG] Received and saved token from server
[2026-04-23 13:42:40] [DEBUG] Received response data (2 bytes): 6...
[2026-04-23 13:42:48] [DEBUG] Received response: code=5, data_len=0, token=...
[2026-04-23 13:42:51] [INFO] File sent successfully: test_500mb.txt, size=531186527
[2026-04-23 13:43:09] [DEBUG] Received response: code=0, data_len=45, token=...
[2026-04-23 13:43:09] [DEBUG] Received response data (45 bytes): [DIR] glh_1
[DIR] 111
[FILE] test_500mb.txt
...
[2026-04-23 13:43:36] [DEBUG] Received response: code=0, data_len=45, token=...
[2026-04-23 13:43:36] [DEBUG] Received response data (45 bytes): [DIR] glh_1
[DIR] 111
[FILE] test_500mb.txt
...
[2026-04-23 13:43:49] [DEBUG] Received response: code=0, data_len=45, token=...
[2026-04-23 13:43:49] [DEBUG] Received response data (45 bytes): [DIR] glh_1
[DIR] 111
[FILE] test_500mb.txt
...
[2026-04-23 13:44:01] [DEBUG] Received response: code=0, data_len=45, token=...
[2026-04-23 13:44:01] [DEBUG] Received response data (45 bytes): [DIR] glh_1
[DIR] 111
[FILE] test_500mb.txt
...
[2026-04-23 13:44:08] [DEBUG] Received response: code=5, data_len=16, token=...
[2026-04-23 13:44:08] [DEBUG] Received response data (16 bytes): 531186527|12346...
[2026-04-23 13:44:43] [DEBUG] Received response: code=0, data_len=2, token=...
[2026-04-23 13:44:43] [DEBUG] Received response data (2 bytes): /...
[2026-04-23 13:44:44] [DEBUG] Received response: code=0, data_len=45, token=...
[2026-04-23 13:44:44] [DEBUG] Received response data (45 bytes): [DIR] glh_1
[DIR] 111
[FILE] test_500mb.txt
...
[2026-04-23 13:46:45] [INFO] Received signal: 2, shutting down...
[2026-04-23 13:46:45] [INFO] Closing connection...
[2026-04-23 13:57:39] [INFO] === NetDisk Client Starting ===
[2026-04-23 13:57:39] [INFO] Connected to server 192.168.160.128:12345 (control), data port: 12346
[2026-04-23 13:57:39] [DEBUG] Token loaded from .netdisk_token
[2026-04-23 13:57:39] [INFO] Loaded existing token from .netdisk_token
[2026-04-23 13:57:43] [DEBUG] Received response: code=0, data_len=2, token=NjoxNzc2OTIzODYzOjMz...
[2026-04-23 13:57:43] [DEBUG] Token saved to .netdisk_token
[2026-04-23 13:57:43] [DEBUG] Received and saved token from server
[2026-04-23 13:57:43] [DEBUG] Received response data (2 bytes): 6...
[2026-04-23 13:57:46] [DEBUG] Received response: code=0, data_len=2, token=...
[2026-04-23 13:57:46] [DEBUG] Received response data (2 bytes): /...
[2026-04-23 13:57:47] [DEBUG] Received response: code=0, data_len=45, token=...
[2026-04-23 13:57:47] [DEBUG] Received response data (45 bytes): [DIR] glh_1
[DIR] 111
[FILE] test_500mb.txt
...
[2026-04-23 13:58:09] [DEBUG] Received response: code=5, data_len=0, token=...
[2026-04-23 13:58:19] [DEBUG] Received response: code=0, data_len=65, token=...
[2026-04-23 13:58:19] [DEBUG] Received response data (65 bytes): [DIR] glh_1
[DIR] 111
[FILE] test_500mb.txt
[FILE]...
[2026-04-23 13:58:30] [DEBUG] Received response: code=0, data_len=65, token=...
[2026-04-23 13:58:30] [DEBUG] Received response data (65 bytes): [DIR] glh_1
[DIR] 111
[FILE] test_500mb.txt
[FILE]...
[2026-04-23 13:58:47] [DEBUG] Received response: code=5, data_len=17, token=...
[2026-04-23 13:58:47] [DEBUG] Received response data (17 bytes): 1062373053|12346...
[2026-04-23 14:05:29] [INFO] Received signal: 2, shutting down...
[2026-04-23 14:05:29] [INFO] Closing connection...
[2026-04-23 14:08:20] [INFO] === NetDisk Client Starting ===
[2026-04-23 14:08:20] [INFO] Connected to server 192.168.160.128:12345 (control), data port: 12346
[2026-04-23 14:08:20] [DEBUG] Token loaded from .netdisk_token
[2026-04-23 14:08:20] [INFO] Loaded existing token from .netdisk_token
[2026-04-23 14:08:25] [DEBUG] Received response: code=0, data_len=2, token=NjoxNzc2OTI0NTA1OjZk...
[2026-04-23 14:08:25] [DEBUG] Token saved to .netdisk_token
[2026-04-23 14:08:25] [DEBUG] Received and saved token from server
[2026-04-23 14:08:25] [DEBUG] Received response data (2 bytes): 6...
[2026-04-23 14:08:27] [DEBUG] Received response: code=0, data_len=65, token=...
[2026-04-23 14:08:27] [DEBUG] Received response data (65 bytes): [DIR] glh_1
[DIR] 111
[FILE] test_500mb.txt
[FILE]...
[2026-04-23 14:09:20] [INFO] Server closed connection
[2026-04-23 14:09:20] [DEBUG] Token cleared
[2026-04-23 14:09:21] [INFO] Received signal: 2, shutting down...
[2026-04-23 14:09:21] [INFO] Closing connection...
[2026-04-23 14:09:27] [INFO] === NetDisk Client Starting ===
[2026-04-23 14:09:27] [INFO] Connected to server 192.168.160.128:12345 (control), data port: 12346
[2026-04-23 14:09:32] [DEBUG] Received response: code=0, data_len=2, token=NjoxNzc2OTI0NTcyOjg3...
[2026-04-23 14:09:32] [DEBUG] Token saved to .netdisk_token
[2026-04-23 14:09:32] [DEBUG] Received and saved token from server
[2026-04-23 14:09:32] [DEBUG] Received response data (2 bytes): 6...
[2026-04-23 14:09:33] [DEBUG] Received response: code=0, data_len=65, token=...
[2026-04-23 14:09:33] [DEBUG] Received response data (65 bytes): [DIR] glh_1
[DIR] 111
[FILE] test_500mb.txt
[FILE]...
[2026-04-23 14:09:45] [DEBUG] Received response: code=0, data_len=0, token=...
[2026-04-23 14:09:59] [DEBUG] Received response: code=5, data_len=0, token=...
[2026-04-23 14:10:21] [DEBUG] Token cleared
[2026-04-23 14:10:21] [INFO] Closing connection...
[2026-04-23 14:11:18] [INFO] === NetDisk Client Starting ===
[2026-04-23 14:11:18] [INFO] Connected to server 192.168.160.128:12345 (control), data port: 12346
[2026-04-23 14:11:22] [DEBUG] Received response: code=0, data_len=2, token=NjoxNzc2OTI0NjgyOmI4...
[2026-04-23 14:11:22] [DEBUG] Token saved to .netdisk_token
[2026-04-23 14:11:22] [DEBUG] Received and saved token from server
[2026-04-23 14:11:22] [DEBUG] Received response data (2 bytes): 6...
[2026-04-23 14:11:29] [DEBUG] Received response: code=5, data_len=17, token=...
[2026-04-23 14:11:29] [DEBUG] Received response data (17 bytes): 1062373053|12346...
[2026-04-23 14:11:37] [DEBUG] Received response: code=0, data_len=65, token=...
[2026-04-23 14:11:37] [DEBUG] Received response data (65 bytes): [DIR] glh_1
[DIR] 111
[FILE] test_500mb.txt
[FILE]...
[2026-04-23 14:11:57] [DEBUG] Received response: code=0, data_len=65, token=...
[2026-04-23 14:11:57] [DEBUG] Received response data (65 bytes): [DIR] glh_1
[DIR] 111
[FILE] test_500mb.txt
[FILE]...
[2026-04-23 14:12:06] [DEBUG] Token cleared
[2026-04-23 14:12:06] [INFO] Closing connection...
[2026-04-23 14:23:00] [INFO] === NetDisk Client Starting ===
[2026-04-23 14:23:00] [INFO] Connected to server 192.168.160.128:12345 (control), data port: 12346
[2026-04-23 14:23:06] [DEBUG] Received response: code=0, data_len=2, token=NjoxNzc2OTI1Mzg2OmQ1...
[2026-04-23 14:23:06] [DEBUG] Token saved to .netdisk_token
[2026-04-23 14:23:06] [DEBUG] Received and saved token from server
[2026-04-23 14:23:06] [DEBUG] Received response data (2 bytes): 6...
[2026-04-23 14:23:08] [DEBUG] Received response: code=0, data_len=65, token=...
[2026-04-23 14:23:08] [DEBUG] Received response data (65 bytes): [DIR] glh_1
[DIR] 111
[FILE] test_500mb.txt
[FILE]...
[2026-04-23 14:23:21] [DEBUG] Received response: code=0, data_len=0, token=...
[2026-04-23 14:23:35] [DEBUG] Received response: code=5, data_len=0, token=...
[2026-04-23 14:23:45] [DEBUG] Token cleared
[2026-04-23 14:23:45] [INFO] Closing connection...
[2026-04-23 17:02:15] [INFO] === NetDisk Client Starting ===
[2026-04-23 17:02:15] [INFO] Connected to server 192.168.160.128:12345 (control), data port: 12346
[2026-04-23 17:02:21] [DEBUG] Received response: code=0, data_len=2, token=NjoxNzc2OTM0OTQxOjM4...
[2026-04-23 17:02:21] [DEBUG] Token saved to .netdisk_token
[2026-04-23 17:02:21] [DEBUG] Received and saved token from server
[2026-04-23 17:02:21] [DEBUG] Received response data (2 bytes): 6...
[2026-04-23 17:02:41] [DEBUG] Received response: code=0, data_len=65, token=...
[2026-04-23 17:02:41] [DEBUG] Received response data (65 bytes): [DIR] glh_1
[DIR] 111
[FILE] test_500mb.txt
[FILE]...
[2026-04-23 17:02:59] [DEBUG] Received response: code=5, data_len=0, token=...
[2026-04-23 17:03:38] [DEBUG] Received response: code=0, data_len=65, token=...
[2026-04-23 17:03:38] [DEBUG] Received response data (65 bytes): [DIR] glh_1
[DIR] 111
[FILE] test_500mb.txt
[FILE]...
[2026-04-23 17:03:38] [DEBUG] Received response: code=0, data_len=2, token=...
[2026-04-23 17:03:38] [DEBUG] Received response data (2 bytes): /...
[2026-04-23 17:03:38] [DEBUG] Received response: code=0, data_len=65, token=...
[2026-04-23 17:03:38] [DEBUG] Received response data (65 bytes): [DIR] glh_1
[DIR] 111
[FILE] test_500mb.txt
[FILE]...
[2026-04-23 17:03:38] [DEBUG] Received response: code=0, data_len=65, token=...
[2026-04-23 17:03:38] [DEBUG] Received response data (65 bytes): [DIR] glh_1
[DIR] 111
[FILE] test_500mb.txt
[FILE]...
[2026-04-23 17:03:38] [DEBUG] Received response: code=0, data_len=65, token=...
[2026-04-23 17:03:38] [DEBUG] Received response data (65 bytes): [DIR] glh_1
[DIR] 111
[FILE] test_500mb.txt
[FILE]...
[2026-04-23 17:04:37] [DEBUG] Received response: code=0, data_len=65, token=...
[2026-04-23 17:04:37] [DEBUG] Received response data (65 bytes): [DIR] glh_1
[DIR] 111
[FILE] test_500mb.txt
[FILE]...
[2026-04-23 17:04:39] [DEBUG] Received response: code=0, data_len=2, token=...
[2026-04-23 17:04:39] [DEBUG] Received response data (2 bytes): /...
[2026-04-23 17:04:42] [DEBUG] Received response: code=0, data_len=65, token=...
[2026-04-23 17:04:42] [DEBUG] Received response data (65 bytes): [DIR] glh_1
[DIR] 111
[FILE] test_500mb.txt
[FILE]...
[2026-04-23 17:04:44] [DEBUG] Received response: code=0, data_len=5, token=...
[2026-04-23 17:04:44] [DEBUG] Received response data (5 bytes): /111...
[2026-04-23 17:04:46] [DEBUG] Received response: code=0, data_len=5, token=...
[2026-04-23 17:04:46] [DEBUG] Received response data (5 bytes): /111...
[2026-04-23 17:04:48] [INFO] Received signal: 2, shutting down...
[2026-04-23 17:04:48] [INFO] Closing connection...
[2026-04-23 17:05:29] [INFO] === NetDisk Client Starting ===
[2026-04-23 17:05:29] [INFO] Connected to server 192.168.160.128:12345 (control), data port: 12346
[2026-04-23 17:05:29] [DEBUG] Token loaded from .netdisk_token
[2026-04-23 17:05:29] [INFO] Loaded existing token from .netdisk_token
[2026-04-23 17:05:33] [DEBUG] Received response: code=0, data_len=2, token=NjoxNzc2OTM1MTMzOmJj...
[2026-04-23 17:05:33] [DEBUG] Token saved to .netdisk_token
[2026-04-23 17:05:33] [DEBUG] Received and saved token from server
[2026-04-23 17:05:33] [DEBUG] Received response data (2 bytes): 6...
[2026-04-23 17:05:56] [DEBUG] Received response: code=5, data_len=0, token=...
[2026-04-23 17:07:09] [DEBUG] Received response: code=0, data_len=85, token=...
[2026-04-23 17:07:09] [DEBUG] Received response data (85 bytes): [DIR] glh_1
[DIR] 111
[FILE] test_500mb.txt
[FILE]...
[2026-04-23 17:07:22] [DEBUG] Received response: code=5, data_len=17, token=...
[2026-04-23 17:07:22] [DEBUG] Received response data (17 bytes): 3187119158|12346...
[2026-04-23 17:07:28] [DEBUG] Received response: code=0, data_len=85, token=...
[2026-04-23 17:07:28] [DEBUG] Received response data (85 bytes): [DIR] glh_1
[DIR] 111
[FILE] test_500mb.txt
[FILE]...
[2026-04-23 17:08:02] [DEBUG] Received response: code=0, data_len=85, token=...
[2026-04-23 17:08:02] [DEBUG] Received response data (85 bytes): [DIR] glh_1
[DIR] 111
[FILE] test_500mb.txt
[FILE]...
[2026-04-23 17:08:12] [DEBUG] Received response: code=5, data_len=17, token=...
[2026-04-23 17:08:12] [DEBUG] Received response data (17 bytes): 3187119158|12346...
[2026-04-23 17:08:41] [DEBUG] Received response: code=0, data_len=85, token=...
[2026-04-23 17:08:41] [DEBUG] Received response data (85 bytes): [DIR] glh_1
[DIR] 111
[FILE] test_500mb.txt
[FILE]...
[2026-04-23 17:08:48] [DEBUG] Received response: code=5, data_len=17, token=...
[2026-04-23 17:08:48] [DEBUG] Received response data (17 bytes): 3187119158|12346...
[2026-04-23 17:09:14] [DEBUG] Received response: code=5, data_len=17, token=...
[2026-04-23 17:09:14] [DEBUG] Received response data (17 bytes): 3187119158|12346...
[2026-04-23 17:09:29] [DEBUG] Token cleared
[2026-04-23 17:09:29] [INFO] Closing connection...
[2026-04-23 17:18:35] [INFO] === NetDisk Client Starting ===
[2026-04-23 17:18:35] [INFO] Connected to server 192.168.160.128:12345 (control), data port: 12346
[2026-04-23 17:18:41] [DEBUG] Received response: code=0, data_len=2, token=NjoxNzc2OTM1OTIxOmE3...
[2026-04-23 17:18:41] [DEBUG] Token saved to .netdisk_token
[2026-04-23 17:18:41] [DEBUG] Received and saved token from server
[2026-04-23 17:18:41] [DEBUG] Received response data (2 bytes): 6...
[2026-04-23 17:18:58] [DEBUG] Received response: code=3, data_len=15, token=...
[2026-04-23 17:18:58] [DEBUG] Received response data (15 bytes): File not found...
[2026-04-23 17:19:15] [DEBUG] Received response: code=0, data_len=85, token=...
[2026-04-23 17:19:15] [DEBUG] Received response data (85 bytes): [DIR] glh_1
[DIR] 111
[FILE] test_500mb.txt
[FILE]...
[2026-04-23 17:19:28] [DEBUG] Received response: code=5, data_len=17, token=...
[2026-04-23 17:19:28] [DEBUG] Received response data (17 bytes): 3187119158|12346...
[2026-04-23 17:20:04] [INFO] Received signal: 2, shutting down...
[2026-04-23 17:20:04] [INFO] Closing connection...
[2026-04-23 17:34:23] [INFO] === NetDisk Client Starting ===
[2026-04-23 17:34:23] [INFO] Connected to server 192.168.160.128:12345 (control), data port: 12346
[2026-04-23 17:34:23] [DEBUG] Token loaded from .netdisk_token
[2026-04-23 17:34:23] [INFO] Loaded existing token from .netdisk_token
[2026-04-23 17:34:30] [DEBUG] Received response: code=0, data_len=2, token=NjoxNzc2OTM2ODcwOjI4...
[2026-04-23 17:34:30] [DEBUG] Token saved to .netdisk_token
[2026-04-23 17:34:30] [DEBUG] Received and saved token from server
[2026-04-23 17:34:30] [DEBUG] Received response data (2 bytes): 6...
[2026-04-23 17:34:34] [DEBUG] Received response: code=0, data_len=85, token=...
[2026-04-23 17:34:34] [DEBUG] Received response data (85 bytes): [DIR] glh_1
[DIR] 111
[FILE] test_500mb.txt
[FILE]...
[2026-04-23 17:34:43] [DEBUG] Received response: code=5, data_len=17, token=...
[2026-04-23 17:34:43] [DEBUG] Received response data (17 bytes): 3187119158|12346...
[2026-04-23 17:34:50] [DEBUG] Received response: code=0, data_len=85, token=...
[2026-04-23 17:34:50] [DEBUG] Received response data (85 bytes): [DIR] glh_1
[DIR] 111
[FILE] test_500mb.txt
[FILE]...
[2026-04-23 17:35:16] [DEBUG] Received response: code=5, data_len=17, token=...
[2026-04-23 17:35:16] [DEBUG] Received response data (17 bytes): 3187119158|12346...
[2026-04-23 17:35:59] [INFO] Received signal: 2, shutting down...
[2026-04-23 17:35:59] [INFO] Closing connection...
[2026-04-23 17:42:40] [INFO] === NetDisk Client Starting ===
[2026-04-23 17:42:40] [INFO] Connected to server 192.168.160.128:12345 (control), data port: 12346
[2026-04-23 17:42:40] [DEBUG] Token loaded from .netdisk_token
[2026-04-23 17:42:40] [INFO] Loaded existing token from .netdisk_token
[2026-04-23 17:42:46] [DEBUG] Received response: code=0, data_len=2, token=NjoxNzc2OTM3MzY2OjYw...
[2026-04-23 17:42:46] [DEBUG] Token saved to .netdisk_token
[2026-04-23 17:42:46] [DEBUG] Received and saved token from server
[2026-04-23 17:42:46] [DEBUG] Received response data (2 bytes): 6...
[2026-04-23 17:43:06] [DEBUG] Received response: code=5, data_len=17, token=...
[2026-04-23 17:43:06] [DEBUG] Received response data (17 bytes): 3187119158|12346...
[2026-04-23 17:43:28] [INFO] Received signal: 2, shutting down...
[2026-04-23 17:43:28] [INFO] Closing connection...
[2026-04-23 17:45:37] [INFO] === NetDisk Client Starting ===
[2026-04-23 17:45:37] [INFO] Connected to server 192.168.160.128:12345 (control), data port: 12346
[2026-04-23 17:45:37] [DEBUG] Token loaded from .netdisk_token
[2026-04-23 17:45:37] [INFO] Loaded existing token from .netdisk_token
[2026-04-23 17:45:43] [DEBUG] Received response: code=0, data_len=2, token=NjoxNzc2OTM3NTQzOjc0...
[2026-04-23 17:45:43] [DEBUG] Token saved to .netdisk_token
[2026-04-23 17:45:43] [DEBUG] Received and saved token from server
[2026-04-23 17:45:43] [DEBUG] Received response data (2 bytes): 6...
[2026-04-23 17:45:47] [DEBUG] Received response: code=0, data_len=85, token=...
[2026-04-23 17:45:47] [DEBUG] Received response data (85 bytes): [DIR] glh_1
[DIR] 111
[FILE] test_500mb.txt
[FILE]...
[2026-04-23 17:45:54] [DEBUG] Received response: code=5, data_len=17, token=...
[2026-04-23 17:45:54] [DEBUG] Received response data (17 bytes): 3187119158|12346...
[2026-04-23 17:46:21] [DEBUG] Received response: code=5, data_len=17, token=...
[2026-04-23 17:46:21] [DEBUG] Received response data (17 bytes): 3187119158|12346...
[2026-04-23 17:46:27] [DEBUG] Received response: code=0, data_len=85, token=...
[2026-04-23 17:46:27] [DEBUG] Received response data (85 bytes): [DIR] glh_1
[DIR] 111
[FILE] test_500mb.txt
[FILE]...
[2026-04-23 17:46:27] [DEBUG] Received response: code=0, data_len=2, token=...
[2026-04-23 17:46:27] [DEBUG] Received response data (2 bytes): /...
[2026-04-23 17:47:26] [DEBUG] Received response: code=0, data_len=85, token=...
[2026-04-23 17:47:26] [DEBUG] Received response data (85 bytes): [DIR] glh_1
[DIR] 111
[FILE] test_500mb.txt
[FILE]...
[2026-04-23 17:47:36] [DEBUG] Received response: code=5, data_len=17, token=...
[2026-04-23 17:47:36] [DEBUG] Received response data (17 bytes): 3187119158|12346...
[2026-04-23 17:47:58] [DEBUG] Received response: code=5, data_len=17, token=...
[2026-04-23 17:47:58] [DEBUG] Received response data (17 bytes): 3187119158|12346...
[2026-04-23 17:48:03] [DEBUG] Received response: code=0, data_len=85, token=...
[2026-04-23 17:48:03] [DEBUG] Received response data (85 bytes): [DIR] glh_1
[DIR] 111
[FILE] test_500mb.txt
[FILE]...
[2026-04-23 17:48:03] [DEBUG] Received response: code=0, data_len=2, token=...
[2026-04-23 17:48:03] [DEBUG] Received response data (2 bytes): /...
[2026-04-23 17:48:03] [DEBUG] Received response: code=0, data_len=2, token=...
[2026-04-23 17:48:03] [DEBUG] Received response data (2 bytes): /...
[2026-04-23 17:51:29] [DEBUG] Received response: code=0, data_len=85, token=...
[2026-04-23 17:51:29] [DEBUG] Received response data (85 bytes): [DIR] glh_1
[DIR] 111
[FILE] test_500mb.txt
[FILE]...
[2026-04-23 17:51:32] [DEBUG] Received response: code=0, data_len=85, token=...
[2026-04-23 17:51:32] [DEBUG] Received response data (85 bytes): [DIR] glh_1
[DIR] 111
[FILE] test_500mb.txt
[FILE]...
[2026-04-23 19:32:37] [INFO] Received signal: 2, shutting down...
[2026-04-23 19:32:37] [INFO] Closing connection...
[2026-04-23 19:32:40] [INFO] === NetDisk Client Starting ===
[2026-04-23 19:32:40] [INFO] Connected to server 192.168.160.128:12345 (control), data port: 12346
[2026-04-23 19:32:40] [DEBUG] Token loaded from .netdisk_token
[2026-04-23 19:32:40] [INFO] Loaded existing token from .netdisk_token
[2026-04-23 19:32:48] [DEBUG] Received response: code=0, data_len=2, token=NjoxNzc2OTQzOTY4OjY4...
[2026-04-23 19:32:48] [DEBUG] Token saved to .netdisk_token
[2026-04-23 19:32:48] [DEBUG] Received and saved token from server
[2026-04-23 19:32:48] [DEBUG] Received response data (2 bytes): 6...
[2026-04-23 19:33:57] [INFO] Server closed connection
[2026-04-23 19:33:57] [DEBUG] Token cleared
[2026-04-23 19:33:59] [INFO] Received signal: 2, shutting down...
[2026-04-23 19:33:59] [INFO] Closing connection...
[2026-04-23 20:27:35] [INFO] === NetDisk Client Starting ===
[2026-04-23 20:27:35] [INFO] Connected to server 192.168.160.128:12345 (control), data port: 12346
[2026-04-23 20:27:43] [INFO] Received signal: 2, shutting down...
[2026-04-23 20:27:43] [INFO] Closing connection...
[2026-04-23 20:31:01] [INFO] === NetDisk Client Starting ===
[2026-04-23 20:31:01] [INFO] Connected to server 192.168.160.128:12345 (control), data port: 12346
[2026-04-23 20:31:07] [DEBUG] Received response: code=0, data_len=2, token=NjoxNzc2OTQ3NDY3Ojk1...
[2026-04-23 20:31:07] [DEBUG] Token saved to .netdisk_token
[2026-04-23 20:31:07] [DEBUG] Received and saved token from server
[2026-04-23 20:31:07] [DEBUG] Received response data (2 bytes): 6...
[2026-04-23 20:31:10] [DEBUG] Received response: code=0, data_len=85, token=...
[2026-04-23 20:31:10] [DEBUG] Received response data (85 bytes): [DIR] glh_1
[DIR] 111
[FILE] test_500mb.txt
[FILE]...
[2026-04-23 20:31:20] [DEBUG] Received response: code=5, data_len=0, token=...
[2026-04-23 20:31:40] [DEBUG] Received response: code=0, data_len=102, token=...
[2026-04-23 20:31:40] [DEBUG] Received response data (102 bytes): [DIR] glh_1
[DIR] 111
[FILE] test_500mb.txt
[FILE]...
[2026-04-23 20:31:47] [DEBUG] Received response: code=5, data_len=15, token=...
[2026-04-23 20:31:47] [DEBUG] Received response data (15 bytes): 33276032|12346...
[2026-04-23 20:32:00] [DEBUG] Received response: code=0, data_len=102, token=...
[2026-04-23 20:32:00] [DEBUG] Received response data (102 bytes): [DIR] glh_1
[DIR] 111
[FILE] test_500mb.txt
[FILE]...
[2026-04-23 20:32:02] [INFO] Received signal: 2, shutting down...
[2026-04-23 20:32:02] [INFO] Closing connection...
[2026-04-23 20:33:48] [INFO] === NetDisk Client Starting ===
[2026-04-23 20:33:48] [INFO] Connected to server 192.168.160.128:12345 (control), data port: 12346
[2026-04-23 20:33:48] [DEBUG] Token loaded from .netdisk_token
[2026-04-23 20:33:48] [INFO] Loaded existing token from .netdisk_token
[2026-04-23 20:34:19] [DEBUG] Received response: code=0, data_len=2, token=NjoxNzc2OTQ3NjU5OjEx...
[2026-04-23 20:34:19] [DEBUG] Token saved to .netdisk_token
[2026-04-23 20:34:19] [DEBUG] Received and saved token from server
[2026-04-23 20:34:19] [DEBUG] Received response data (2 bytes): 6...
[2026-04-23 20:34:38] [DEBUG] Received response: code=5, data_len=0, token=...
[2026-04-23 20:34:57] [DEBUG] Received response: code=0, data_len=122, token=...
[2026-04-23 20:34:57] [DEBUG] Received response data (122 bytes): [DIR] glh_1
[DIR] 111
[FILE] test_500mb.txt
[FILE]...
[2026-04-23 20:34:57] [DEBUG] Received response: code=0, data_len=2, token=...
[2026-04-23 20:34:57] [DEBUG] Received response data (2 bytes): /...
[2026-04-23 20:34:57] [DEBUG] Received response: code=0, data_len=2, token=...
[2026-04-23 20:34:57] [DEBUG] Received response data (2 bytes): /...
[2026-04-23 20:35:42] [INFO] Server closed connection
[2026-04-23 20:35:42] [DEBUG] Token cleared
[2026-04-23 20:35:44] [INFO] Received signal: 2, shutting down...
[2026-04-23 20:35:44] [INFO] Closing connection...
[2026-04-23 20:35:46] [INFO] === NetDisk Client Starting ===
[2026-04-23 20:35:46] [INFO] Connected to server 192.168.160.128:12345 (control), data port: 12346
[2026-04-23 20:35:49] [DEBUG] Received response: code=0, data_len=2, token=NjoxNzc2OTQ3NzQ5Ojg2...
[2026-04-23 20:35:49] [DEBUG] Token saved to .netdisk_token
[2026-04-23 20:35:49] [DEBUG] Received and saved token from server
[2026-04-23 20:35:49] [DEBUG] Received response data (2 bytes): 6...
[2026-04-23 20:35:57] [DEBUG] Received response: code=5, data_len=17, token=...
[2026-04-23 20:35:57] [DEBUG] Received response data (17 bytes): 4249492211|12346...
[2026-04-23 20:36:07] [DEBUG] Received response: code=0, data_len=122, token=...
[2026-04-23 20:36:07] [DEBUG] Received response data (122 bytes): [DIR] glh_1
[DIR] 111
[FILE] test_500mb.txt
[FILE]...
[2026-04-23 20:36:07] [DEBUG] Received response: code=0, data_len=2, token=...
[2026-04-23 20:36:07] [DEBUG] Received response data (2 bytes): /...
[2026-04-23 20:36:27] [DEBUG] Received response: code=0, data_len=122, token=...
[2026-04-23 20:36:27] [DEBUG] Received response data (122 bytes): [DIR] glh_1
[DIR] 111
[FILE] test_500mb.txt
[FILE]...
[2026-04-23 20:36:33] [DEBUG] Received response: code=0, data_len=0, token=...
[2026-04-23 20:36:35] [DEBUG] Received response: code=0, data_len=102, token=...
[2026-04-23 20:36:35] [DEBUG] Received response data (102 bytes): [DIR] glh_1
[DIR] 111
[FILE] test_500mb.txt
[FILE]...
[2026-04-23 20:36:42] [DEBUG] Received response: code=0, data_len=102, token=...
[2026-04-23 20:36:42] [DEBUG] Received response data (102 bytes): [DIR] glh_1
[DIR] 111
[FILE] test_500mb.txt
[FILE]...
[2026-04-23 20:37:46] [INFO] Received signal: 2, shutting down...
[2026-04-23 20:37:46] [INFO] Closing connection...
